[0.008s] Invoking command in '/home/miranseb/wwu/597F-Robotics/ros-lab-2/build/ros_gz_gazebo': CMAKE_PREFIX_PATH=/home/miranseb/wwu/597F-Robotics/ros-lab-2/install/ros_gz_description:/home/miranseb/wwu/597F-Robotics/ros-lab-2/install/ros_gz_bringup:/home/miranseb/wwu/597F-Robotics/ros-lab-2/install/ros_gz_gazebo:/home/miranseb/wwu/597F-Robotics/ros-lab-2/install/ros_gz_app:/opt/ros/jazzy/opt/gz_sim_vendor:/opt/ros/jazzy/opt/gz_sensors_vendor:/opt/ros/jazzy/opt/gz_physics_vendor:/opt/ros/jazzy/opt/sdformat_vendor:/opt/ros/jazzy/opt/gz_gui_vendor:/opt/ros/jazzy/opt/gz_transport_vendor:/opt/ros/jazzy/opt/gz_rendering_vendor:/opt/ros/jazzy/opt/gz_plugin_vendor:/opt/ros/jazzy/opt/gz_fuel_tools_vendor:/opt/ros/jazzy/opt/gz_msgs_vendor:/opt/ros/jazzy/opt/gz_common_vendor:/opt/ros/jazzy/opt/gz_math_vendor:/opt/ros/jazzy/opt/gz_utils_vendor:/opt/ros/jazzy/opt/gz_tools_vendor:/opt/ros/jazzy/opt/gz_ogre_next_vendor:/opt/ros/jazzy/opt/gz_dartsim_vendor:/opt/ros/jazzy/opt/gz_cmake_vendor:/opt/ros/jazzy DEBUGINFOD_URLS=https://debuginfod.ubuntu.com PS1=<ROS2-Jazzy>[\u@\h \W]$ /usr/bin/cmake --build /home/miranseb/wwu/597F-Robotics/ros-lab-2/build/ros_gz_gazebo -- -j24 -l24
[0.082s] [ 50%] Built target BasicSystem
[0.083s] [100%] Built target FullSystem
[0.099s] Invoked command in '/home/miranseb/wwu/597F-Robotics/ros-lab-2/build/ros_gz_gazebo' returned '0': CMAKE_PREFIX_PATH=/home/miranseb/wwu/597F-Robotics/ros-lab-2/install/ros_gz_description:/home/miranseb/wwu/597F-Robotics/ros-lab-2/install/ros_gz_bringup:/home/miranseb/wwu/597F-Robotics/ros-lab-2/install/ros_gz_gazebo:/home/miranseb/wwu/597F-Robotics/ros-lab-2/install/ros_gz_app:/opt/ros/jazzy/opt/gz_sim_vendor:/opt/ros/jazzy/opt/gz_sensors_vendor:/opt/ros/jazzy/opt/gz_physics_vendor:/opt/ros/jazzy/opt/sdformat_vendor:/opt/ros/jazzy/opt/gz_gui_vendor:/opt/ros/jazzy/opt/gz_transport_vendor:/opt/ros/jazzy/opt/gz_rendering_vendor:/opt/ros/jazzy/opt/gz_plugin_vendor:/opt/ros/jazzy/opt/gz_fuel_tools_vendor:/opt/ros/jazzy/opt/gz_msgs_vendor:/opt/ros/jazzy/opt/gz_common_vendor:/opt/ros/jazzy/opt/gz_math_vendor:/opt/ros/jazzy/opt/gz_utils_vendor:/opt/ros/jazzy/opt/gz_tools_vendor:/opt/ros/jazzy/opt/gz_ogre_next_vendor:/opt/ros/jazzy/opt/gz_dartsim_vendor:/opt/ros/jazzy/opt/gz_cmake_vendor:/opt/ros/jazzy DEBUGINFOD_URLS=https://debuginfod.ubuntu.com PS1=<ROS2-Jazzy>[\u@\h \W]$ /usr/bin/cmake --build /home/miranseb/wwu/597F-Robotics/ros-lab-2/build/ros_gz_gazebo -- -j24 -l24
[0.100s] Invoking command in '/home/miranseb/wwu/597F-Robotics/ros-lab-2/build/ros_gz_gazebo': CMAKE_PREFIX_PATH=/home/miranseb/wwu/597F-Robotics/ros-lab-2/install/ros_gz_description:/home/miranseb/wwu/597F-Robotics/ros-lab-2/install/ros_gz_bringup:/home/miranseb/wwu/597F-Robotics/ros-lab-2/install/ros_gz_gazebo:/home/miranseb/wwu/597F-Robotics/ros-lab-2/install/ros_gz_app:/opt/ros/jazzy/opt/gz_sim_vendor:/opt/ros/jazzy/opt/gz_sensors_vendor:/opt/ros/jazzy/opt/gz_physics_vendor:/opt/ros/jazzy/opt/sdformat_vendor:/opt/ros/jazzy/opt/gz_gui_vendor:/opt/ros/jazzy/opt/gz_transport_vendor:/opt/ros/jazzy/opt/gz_rendering_vendor:/opt/ros/jazzy/opt/gz_plugin_vendor:/opt/ros/jazzy/opt/gz_fuel_tools_vendor:/opt/ros/jazzy/opt/gz_msgs_vendor:/opt/ros/jazzy/opt/gz_common_vendor:/opt/ros/jazzy/opt/gz_math_vendor:/opt/ros/jazzy/opt/gz_utils_vendor:/opt/ros/jazzy/opt/gz_tools_vendor:/opt/ros/jazzy/opt/gz_ogre_next_vendor:/opt/ros/jazzy/opt/gz_dartsim_vendor:/opt/ros/jazzy/opt/gz_cmake_vendor:/opt/ros/jazzy DEBUGINFOD_URLS=https://debuginfod.ubuntu.com PS1=<ROS2-Jazzy>[\u@\h \W]$ /usr/bin/cmake --install /home/miranseb/wwu/597F-Robotics/ros-lab-2/build/ros_gz_gazebo
[0.112s] -- Install configuration: ""
[0.112s] -- Up-to-date: /home/miranseb/wwu/597F-Robotics/ros-lab-2/install/ros_gz_gazebo/lib/ros_gz_gazebo/libBasicSystem.so
[0.112s] -- Up-to-date: /home/miranseb/wwu/597F-Robotics/ros-lab-2/install/ros_gz_gazebo/lib/ros_gz_gazebo/libFullSystem.so
[0.112s] -- Up-to-date: /home/miranseb/wwu/597F-Robotics/ros-lab-2/install/ros_gz_gazebo/share/ros_gz_gazebo/worlds
[0.112s] -- Up-to-date: /home/miranseb/wwu/597F-Robotics/ros-lab-2/install/ros_gz_gazebo/share/ros_gz_gazebo/worlds/diff_drive.sdf
[0.112s] -- Up-to-date: /home/miranseb/wwu/597F-Robotics/ros-lab-2/install/ros_gz_gazebo/share/ros_gz_gazebo/worlds/maze.sdf
[0.113s] -- Up-to-date: /home/miranseb/wwu/597F-Robotics/ros-lab-2/install/ros_gz_gazebo/share/ros_gz_gazebo/environment/ros_gz_gazebo.dsv
[0.113s] -- Up-to-date: /home/miranseb/wwu/597F-Robotics/ros-lab-2/install/ros_gz_gazebo/share/ros_gz_gazebo/environment/ros_gz_gazebo.sh
[0.113s] -- Up-to-date: /home/miranseb/wwu/597F-Robotics/ros-lab-2/install/ros_gz_gazebo/share/ament_index/resource_index/package_run_dependencies/ros_gz_gazebo
[0.113s] -- Up-to-date: /home/miranseb/wwu/597F-Robotics/ros-lab-2/install/ros_gz_gazebo/share/ament_index/resource_index/parent_prefix_path/ros_gz_gazebo
[0.113s] -- Up-to-date: /home/miranseb/wwu/597F-Robotics/ros-lab-2/install/ros_gz_gazebo/share/ros_gz_gazebo/environment/ament_prefix_path.sh
[0.113s] -- Up-to-date: /home/miranseb/wwu/597F-Robotics/ros-lab-2/install/ros_gz_gazebo/share/ros_gz_gazebo/environment/ament_prefix_path.dsv
[0.113s] -- Up-to-date: /home/miranseb/wwu/597F-Robotics/ros-lab-2/install/ros_gz_gazebo/share/ros_gz_gazebo/environment/path.sh
[0.113s] -- Up-to-date: /home/miranseb/wwu/597F-Robotics/ros-lab-2/install/ros_gz_gazebo/share/ros_gz_gazebo/environment/path.dsv
[0.113s] -- Up-to-date: /home/miranseb/wwu/597F-Robotics/ros-lab-2/install/ros_gz_gazebo/share/ros_gz_gazebo/local_setup.bash
[0.113s] -- Up-to-date: /home/miranseb/wwu/597F-Robotics/ros-lab-2/install/ros_gz_gazebo/share/ros_gz_gazebo/local_setup.sh
[0.113s] -- Up-to-date: /home/miranseb/wwu/597F-Robotics/ros-lab-2/install/ros_gz_gazebo/share/ros_gz_gazebo/local_setup.zsh
[0.113s] -- Up-to-date: /home/miranseb/wwu/597F-Robotics/ros-lab-2/install/ros_gz_gazebo/share/ros_gz_gazebo/local_setup.dsv
[0.113s] -- Installing: /home/miranseb/wwu/597F-Robotics/ros-lab-2/install/ros_gz_gazebo/share/ros_gz_gazebo/package.dsv
[0.113s] -- Up-to-date: /home/miranseb/wwu/597F-Robotics/ros-lab-2/install/ros_gz_gazebo/share/ament_index/resource_index/packages/ros_gz_gazebo
[0.113s] -- Up-to-date: /home/miranseb/wwu/597F-Robotics/ros-lab-2/install/ros_gz_gazebo/share/ros_gz_gazebo/cmake/ros_gz_gazeboConfig.cmake
[0.114s] -- Up-to-date: /home/miranseb/wwu/597F-Robotics/ros-lab-2/install/ros_gz_gazebo/share/ros_gz_gazebo/cmake/ros_gz_gazeboConfig-version.cmake
[0.114s] -- Up-to-date: /home/miranseb/wwu/597F-Robotics/ros-lab-2/install/ros_gz_gazebo/share/ros_gz_gazebo/package.xml
[0.115s] Invoked command in '/home/miranseb/wwu/597F-Robotics/ros-lab-2/build/ros_gz_gazebo' returned '0': CMAKE_PREFIX_PATH=/home/miranseb/wwu/597F-Robotics/ros-lab-2/install/ros_gz_description:/home/miranseb/wwu/597F-Robotics/ros-lab-2/install/ros_gz_bringup:/home/miranseb/wwu/597F-Robotics/ros-lab-2/install/ros_gz_gazebo:/home/miranseb/wwu/597F-Robotics/ros-lab-2/install/ros_gz_app:/opt/ros/jazzy/opt/gz_sim_vendor:/opt/ros/jazzy/opt/gz_sensors_vendor:/opt/ros/jazzy/opt/gz_physics_vendor:/opt/ros/jazzy/opt/sdformat_vendor:/opt/ros/jazzy/opt/gz_gui_vendor:/opt/ros/jazzy/opt/gz_transport_vendor:/opt/ros/jazzy/opt/gz_rendering_vendor:/opt/ros/jazzy/opt/gz_plugin_vendor:/opt/ros/jazzy/opt/gz_fuel_tools_vendor:/opt/ros/jazzy/opt/gz_msgs_vendor:/opt/ros/jazzy/opt/gz_common_vendor:/opt/ros/jazzy/opt/gz_math_vendor:/opt/ros/jazzy/opt/gz_utils_vendor:/opt/ros/jazzy/opt/gz_tools_vendor:/opt/ros/jazzy/opt/gz_ogre_next_vendor:/opt/ros/jazzy/opt/gz_dartsim_vendor:/opt/ros/jazzy/opt/gz_cmake_vendor:/opt/ros/jazzy DEBUGINFOD_URLS=https://debuginfod.ubuntu.com PS1=<ROS2-Jazzy>[\u@\h \W]$ /usr/bin/cmake --install /home/miranseb/wwu/597F-Robotics/ros-lab-2/build/ros_gz_gazebo
