[0.223s] DEBUG:colcon:Command line arguments: ['/usr/bin/colcon', 'build', '--cmake-args', '-DBUILD_TESTING=ON']
[0.223s] DEBUG:colcon:Parsed command line arguments: Namespace(log_base=None, log_level=None, verb_name='build', build_base='build', install_base='install', merge_install=False, symlink_install=False, test_result_base=None, continue_on_error=False, executor='parallel', parallel_workers=24, event_handlers=None, ignore_user_meta=False, metas=['./colcon.meta'], base_paths=['.'], packages_ignore=None, packages_ignore_regex=None, paths=None, packages_up_to=None, packages_up_to_regex=None, packages_above=None, packages_above_and_dependencies=None, packages_above_depth=None, packages_select_by_dep=None, packages_skip_by_dep=None, packages_skip_up_to=None, packages_select_build_failed=False, packages_skip_build_finished=False, packages_select_test_failures=False, packages_skip_test_passed=False, packages_select=None, packages_skip=None, packages_select_regex=None, packages_skip_regex=None, packages_start=None, packages_end=None, allow_overriding=[], cmake_args=['-DBUILD_TESTING=ON'], cmake_target=None, cmake_target_skip_unavailable=False, cmake_clean_cache=False, cmake_clean_first=False, cmake_force_configure=False, ament_cmake_args=None, catkin_cmake_args=None, catkin_skip_building_tests=False, mixin_files=None, mixin=None, verb_parser=<colcon_mixin.mixin.mixin_argument.MixinArgumentDecorator object at 0x77c5f676ec30>, verb_extension=<colcon_core.verb.build.BuildVerb object at 0x77c5f68df590>, main=<bound method BuildVerb.main of <colcon_core.verb.build.BuildVerb object at 0x77c5f68df590>>, mixin_verb=('build',))
[0.276s] Level 1:colcon.colcon_core.package_discovery:discover_packages(colcon_meta) check parameters
[0.276s] Level 1:colcon.colcon_core.package_discovery:discover_packages(recursive) check parameters
[0.276s] Level 1:colcon.colcon_core.package_discovery:discover_packages(ignore) check parameters
[0.276s] Level 1:colcon.colcon_core.package_discovery:discover_packages(path) check parameters
[0.276s] Level 1:colcon.colcon_core.package_discovery:discover_packages(colcon_meta) discover
[0.276s] Level 1:colcon.colcon_core.package_discovery:discover_packages(recursive) discover
[0.276s] INFO:colcon.colcon_core.package_discovery:Crawling recursively for packages in '/home/miranseb/wwu/597F-Robotics/ros-lab-2'
[0.277s] Level 1:colcon.colcon_core.package_identification:_identify(.) by extensions ['ignore', 'ignore_ament_install']
[0.277s] Level 1:colcon.colcon_core.package_identification:_identify(.) by extension 'ignore'
[0.277s] Level 1:colcon.colcon_core.package_identification:_identify(.) by extension 'ignore_ament_install'
[0.277s] Level 1:colcon.colcon_core.package_identification:_identify(.) by extensions ['colcon_pkg']
[0.277s] Level 1:colcon.colcon_core.package_identification:_identify(.) by extension 'colcon_pkg'
[0.277s] Level 1:colcon.colcon_core.package_identification:_identify(.) by extensions ['colcon_meta']
[0.277s] Level 1:colcon.colcon_core.package_identification:_identify(.) by extension 'colcon_meta'
[0.277s] Level 1:colcon.colcon_core.package_identification:_identify(.) by extensions ['ros']
[0.277s] Level 1:colcon.colcon_core.package_identification:_identify(.) by extension 'ros'
[0.304s] Level 1:colcon.colcon_core.package_identification:_identify(.) by extensions ['cmake', 'python']
[0.304s] Level 1:colcon.colcon_core.package_identification:_identify(.) by extension 'cmake'
[0.304s] Level 1:colcon.colcon_core.package_identification:_identify(.) by extension 'python'
[0.304s] Level 1:colcon.colcon_core.package_identification:_identify(.) by extensions ['python_setup_py']
[0.304s] Level 1:colcon.colcon_core.package_identification:_identify(.) by extension 'python_setup_py'
[0.304s] Level 1:colcon.colcon_core.package_identification:_identify(build) by extensions ['ignore', 'ignore_ament_install']
[0.304s] Level 1:colcon.colcon_core.package_identification:_identify(build) by extension 'ignore'
[0.305s] Level 1:colcon.colcon_core.package_identification:_identify(build) ignored
[0.305s] Level 1:colcon.colcon_core.package_identification:_identify(figs) by extensions ['ignore', 'ignore_ament_install']
[0.305s] Level 1:colcon.colcon_core.package_identification:_identify(figs) by extension 'ignore'
[0.305s] Level 1:colcon.colcon_core.package_identification:_identify(figs) by extension 'ignore_ament_install'
[0.305s] Level 1:colcon.colcon_core.package_identification:_identify(figs) by extensions ['colcon_pkg']
[0.305s] Level 1:colcon.colcon_core.package_identification:_identify(figs) by extension 'colcon_pkg'
[0.305s] Level 1:colcon.colcon_core.package_identification:_identify(figs) by extensions ['colcon_meta']
[0.305s] Level 1:colcon.colcon_core.package_identification:_identify(figs) by extension 'colcon_meta'
[0.305s] Level 1:colcon.colcon_core.package_identification:_identify(figs) by extensions ['ros']
[0.305s] Level 1:colcon.colcon_core.package_identification:_identify(figs) by extension 'ros'
[0.305s] Level 1:colcon.colcon_core.package_identification:_identify(figs) by extensions ['cmake', 'python']
[0.305s] Level 1:colcon.colcon_core.package_identification:_identify(figs) by extension 'cmake'
[0.305s] Level 1:colcon.colcon_core.package_identification:_identify(figs) by extension 'python'
[0.305s] Level 1:colcon.colcon_core.package_identification:_identify(figs) by extensions ['python_setup_py']
[0.305s] Level 1:colcon.colcon_core.package_identification:_identify(figs) by extension 'python_setup_py'
[0.305s] Level 1:colcon.colcon_core.package_identification:_identify(install) by extensions ['ignore', 'ignore_ament_install']
[0.305s] Level 1:colcon.colcon_core.package_identification:_identify(install) by extension 'ignore'
[0.305s] Level 1:colcon.colcon_core.package_identification:_identify(install) ignored
[0.305s] Level 1:colcon.colcon_core.package_identification:_identify(log) by extensions ['ignore', 'ignore_ament_install']
[0.305s] Level 1:colcon.colcon_core.package_identification:_identify(log) by extension 'ignore'
[0.305s] Level 1:colcon.colcon_core.package_identification:_identify(log) ignored
[0.305s] Level 1:colcon.colcon_core.package_identification:_identify(ros_gz_app) by extensions ['ignore', 'ignore_ament_install']
[0.305s] Level 1:colcon.colcon_core.package_identification:_identify(ros_gz_app) by extension 'ignore'
[0.305s] Level 1:colcon.colcon_core.package_identification:_identify(ros_gz_app) by extension 'ignore_ament_install'
[0.305s] Level 1:colcon.colcon_core.package_identification:_identify(ros_gz_app) by extensions ['colcon_pkg']
[0.305s] Level 1:colcon.colcon_core.package_identification:_identify(ros_gz_app) by extension 'colcon_pkg'
[0.305s] Level 1:colcon.colcon_core.package_identification:_identify(ros_gz_app) by extensions ['colcon_meta']
[0.305s] Level 1:colcon.colcon_core.package_identification:_identify(ros_gz_app) by extension 'colcon_meta'
[0.306s] Level 1:colcon.colcon_core.package_identification:_identify(ros_gz_app) by extensions ['ros']
[0.306s] Level 1:colcon.colcon_core.package_identification:_identify(ros_gz_app) by extension 'ros'
[0.307s] DEBUG:colcon.colcon_core.package_identification:Package 'ros_gz_app' with type 'ros.ament_cmake' and name 'ros_gz_app'
[0.307s] Level 1:colcon.colcon_core.package_identification:_identify(ros_gz_bringup) by extensions ['ignore', 'ignore_ament_install']
[0.307s] Level 1:colcon.colcon_core.package_identification:_identify(ros_gz_bringup) by extension 'ignore'
[0.307s] Level 1:colcon.colcon_core.package_identification:_identify(ros_gz_bringup) by extension 'ignore_ament_install'
[0.308s] Level 1:colcon.colcon_core.package_identification:_identify(ros_gz_bringup) by extensions ['colcon_pkg']
[0.308s] Level 1:colcon.colcon_core.package_identification:_identify(ros_gz_bringup) by extension 'colcon_pkg'
[0.308s] Level 1:colcon.colcon_core.package_identification:_identify(ros_gz_bringup) by extensions ['colcon_meta']
[0.308s] Level 1:colcon.colcon_core.package_identification:_identify(ros_gz_bringup) by extension 'colcon_meta'
[0.308s] Level 1:colcon.colcon_core.package_identification:_identify(ros_gz_bringup) by extensions ['ros']
[0.308s] Level 1:colcon.colcon_core.package_identification:_identify(ros_gz_bringup) by extension 'ros'
[0.308s] DEBUG:colcon.colcon_core.package_identification:Package 'ros_gz_bringup' with type 'ros.ament_cmake' and name 'ros_gz_bringup'
[0.308s] Level 1:colcon.colcon_core.package_identification:_identify(ros_gz_description) by extensions ['ignore', 'ignore_ament_install']
[0.308s] Level 1:colcon.colcon_core.package_identification:_identify(ros_gz_description) by extension 'ignore'
[0.308s] Level 1:colcon.colcon_core.package_identification:_identify(ros_gz_description) by extension 'ignore_ament_install'
[0.308s] Level 1:colcon.colcon_core.package_identification:_identify(ros_gz_description) by extensions ['colcon_pkg']
[0.308s] Level 1:colcon.colcon_core.package_identification:_identify(ros_gz_description) by extension 'colcon_pkg'
[0.308s] Level 1:colcon.colcon_core.package_identification:_identify(ros_gz_description) by extensions ['colcon_meta']
[0.308s] Level 1:colcon.colcon_core.package_identification:_identify(ros_gz_description) by extension 'colcon_meta'
[0.308s] Level 1:colcon.colcon_core.package_identification:_identify(ros_gz_description) by extensions ['ros']
[0.308s] Level 1:colcon.colcon_core.package_identification:_identify(ros_gz_description) by extension 'ros'
[0.309s] DEBUG:colcon.colcon_core.package_identification:Package 'ros_gz_description' with type 'ros.ament_cmake' and name 'ros_gz_description'
[0.309s] Level 1:colcon.colcon_core.package_identification:_identify(ros_gz_gazebo) by extensions ['ignore', 'ignore_ament_install']
[0.309s] Level 1:colcon.colcon_core.package_identification:_identify(ros_gz_gazebo) by extension 'ignore'
[0.309s] Level 1:colcon.colcon_core.package_identification:_identify(ros_gz_gazebo) by extension 'ignore_ament_install'
[0.309s] Level 1:colcon.colcon_core.package_identification:_identify(ros_gz_gazebo) by extensions ['colcon_pkg']
[0.309s] Level 1:colcon.colcon_core.package_identification:_identify(ros_gz_gazebo) by extension 'colcon_pkg'
[0.309s] Level 1:colcon.colcon_core.package_identification:_identify(ros_gz_gazebo) by extensions ['colcon_meta']
[0.309s] Level 1:colcon.colcon_core.package_identification:_identify(ros_gz_gazebo) by extension 'colcon_meta'
[0.309s] Level 1:colcon.colcon_core.package_identification:_identify(ros_gz_gazebo) by extensions ['ros']
[0.309s] Level 1:colcon.colcon_core.package_identification:_identify(ros_gz_gazebo) by extension 'ros'
[0.309s] DEBUG:colcon.colcon_core.package_identification:Package 'ros_gz_gazebo' with type 'ros.ament_cmake' and name 'ros_gz_gazebo'
[0.309s] Level 1:colcon.colcon_core.package_discovery:discover_packages(recursive) using defaults
[0.309s] Level 1:colcon.colcon_core.package_discovery:discover_packages(ignore) discover
[0.309s] Level 1:colcon.colcon_core.package_discovery:discover_packages(ignore) using defaults
[0.309s] Level 1:colcon.colcon_core.package_discovery:discover_packages(path) discover
[0.309s] Level 1:colcon.colcon_core.package_discovery:discover_packages(path) using defaults
[0.331s] Level 1:colcon.colcon_core.package_discovery:discover_packages(prefix_path) check parameters
[0.331s] Level 1:colcon.colcon_core.package_discovery:discover_packages(prefix_path) discover
[0.335s] DEBUG:colcon.colcon_installed_package_information.package_discovery:Found 317 installed packages in /opt/ros/jazzy
[0.336s] Level 1:colcon.colcon_core.package_discovery:discover_packages(prefix_path) using defaults
[0.373s] Level 5:colcon.colcon_core.verb:set package 'ros_gz_app' build argument 'cmake_args' from command line to '['-DBUILD_TESTING=ON']'
[0.373s] Level 5:colcon.colcon_core.verb:set package 'ros_gz_app' build argument 'cmake_target' from command line to 'None'
[0.373s] Level 5:colcon.colcon_core.verb:set package 'ros_gz_app' build argument 'cmake_target_skip_unavailable' from command line to 'False'
[0.373s] Level 5:colcon.colcon_core.verb:set package 'ros_gz_app' build argument 'cmake_clean_cache' from command line to 'False'
[0.373s] Level 5:colcon.colcon_core.verb:set package 'ros_gz_app' build argument 'cmake_clean_first' from command line to 'False'
[0.373s] Level 5:colcon.colcon_core.verb:set package 'ros_gz_app' build argument 'cmake_force_configure' from command line to 'False'
[0.373s] Level 5:colcon.colcon_core.verb:set package 'ros_gz_app' build argument 'ament_cmake_args' from command line to 'None'
[0.373s] Level 5:colcon.colcon_core.verb:set package 'ros_gz_app' build argument 'catkin_cmake_args' from command line to 'None'
[0.373s] Level 5:colcon.colcon_core.verb:set package 'ros_gz_app' build argument 'catkin_skip_building_tests' from command line to 'False'
[0.373s] DEBUG:colcon.colcon_core.verb:Building package 'ros_gz_app' with the following arguments: {'ament_cmake_args': None, 'build_base': '/home/miranseb/wwu/597F-Robotics/ros-lab-2/build/ros_gz_app', 'catkin_cmake_args': None, 'catkin_skip_building_tests': False, 'cmake_args': ['-DBUILD_TESTING=ON'], 'cmake_clean_cache': False, 'cmake_clean_first': False, 'cmake_force_configure': False, 'cmake_target': None, 'cmake_target_skip_unavailable': False, 'install_base': '/home/miranseb/wwu/597F-Robotics/ros-lab-2/install/ros_gz_app', 'merge_install': False, 'path': '/home/miranseb/wwu/597F-Robotics/ros-lab-2/ros_gz_app', 'symlink_install': False, 'test_result_base': None}
[0.373s] Level 5:colcon.colcon_core.verb:set package 'ros_gz_description' build argument 'cmake_args' from command line to '['-DBUILD_TESTING=ON']'
[0.373s] Level 5:colcon.colcon_core.verb:set package 'ros_gz_description' build argument 'cmake_target' from command line to 'None'
[0.373s] Level 5:colcon.colcon_core.verb:set package 'ros_gz_description' build argument 'cmake_target_skip_unavailable' from command line to 'False'
[0.373s] Level 5:colcon.colcon_core.verb:set package 'ros_gz_description' build argument 'cmake_clean_cache' from command line to 'False'
[0.373s] Level 5:colcon.colcon_core.verb:set package 'ros_gz_description' build argument 'cmake_clean_first' from command line to 'False'
[0.373s] Level 5:colcon.colcon_core.verb:set package 'ros_gz_description' build argument 'cmake_force_configure' from command line to 'False'
[0.373s] Level 5:colcon.colcon_core.verb:set package 'ros_gz_description' build argument 'ament_cmake_args' from command line to 'None'
[0.373s] Level 5:colcon.colcon_core.verb:set package 'ros_gz_description' build argument 'catkin_cmake_args' from command line to 'None'
[0.373s] Level 5:colcon.colcon_core.verb:set package 'ros_gz_description' build argument 'catkin_skip_building_tests' from command line to 'False'
[0.373s] DEBUG:colcon.colcon_core.verb:Building package 'ros_gz_description' with the following arguments: {'ament_cmake_args': None, 'build_base': '/home/miranseb/wwu/597F-Robotics/ros-lab-2/build/ros_gz_description', 'catkin_cmake_args': None, 'catkin_skip_building_tests': False, 'cmake_args': ['-DBUILD_TESTING=ON'], 'cmake_clean_cache': False, 'cmake_clean_first': False, 'cmake_force_configure': False, 'cmake_target': None, 'cmake_target_skip_unavailable': False, 'install_base': '/home/miranseb/wwu/597F-Robotics/ros-lab-2/install/ros_gz_description', 'merge_install': False, 'path': '/home/miranseb/wwu/597F-Robotics/ros-lab-2/ros_gz_description', 'symlink_install': False, 'test_result_base': None}
[0.373s] Level 5:colcon.colcon_core.verb:set package 'ros_gz_gazebo' build argument 'cmake_args' from command line to '['-DBUILD_TESTING=ON']'
[0.373s] Level 5:colcon.colcon_core.verb:set package 'ros_gz_gazebo' build argument 'cmake_target' from command line to 'None'
[0.373s] Level 5:colcon.colcon_core.verb:set package 'ros_gz_gazebo' build argument 'cmake_target_skip_unavailable' from command line to 'False'
[0.373s] Level 5:colcon.colcon_core.verb:set package 'ros_gz_gazebo' build argument 'cmake_clean_cache' from command line to 'False'
[0.373s] Level 5:colcon.colcon_core.verb:set package 'ros_gz_gazebo' build argument 'cmake_clean_first' from command line to 'False'
[0.373s] Level 5:colcon.colcon_core.verb:set package 'ros_gz_gazebo' build argument 'cmake_force_configure' from command line to 'False'
[0.373s] Level 5:colcon.colcon_core.verb:set package 'ros_gz_gazebo' build argument 'ament_cmake_args' from command line to 'None'
[0.373s] Level 5:colcon.colcon_core.verb:set package 'ros_gz_gazebo' build argument 'catkin_cmake_args' from command line to 'None'
[0.373s] Level 5:colcon.colcon_core.verb:set package 'ros_gz_gazebo' build argument 'catkin_skip_building_tests' from command line to 'False'
[0.373s] DEBUG:colcon.colcon_core.verb:Building package 'ros_gz_gazebo' with the following arguments: {'ament_cmake_args': None, 'build_base': '/home/miranseb/wwu/597F-Robotics/ros-lab-2/build/ros_gz_gazebo', 'catkin_cmake_args': None, 'catkin_skip_building_tests': False, 'cmake_args': ['-DBUILD_TESTING=ON'], 'cmake_clean_cache': False, 'cmake_clean_first': False, 'cmake_force_configure': False, 'cmake_target': None, 'cmake_target_skip_unavailable': False, 'install_base': '/home/miranseb/wwu/597F-Robotics/ros-lab-2/install/ros_gz_gazebo', 'merge_install': False, 'path': '/home/miranseb/wwu/597F-Robotics/ros-lab-2/ros_gz_gazebo', 'symlink_install': False, 'test_result_base': None}
[0.374s] Level 5:colcon.colcon_core.verb:set package 'ros_gz_bringup' build argument 'cmake_args' from command line to '['-DBUILD_TESTING=ON']'
[0.374s] Level 5:colcon.colcon_core.verb:set package 'ros_gz_bringup' build argument 'cmake_target' from command line to 'None'
[0.374s] Level 5:colcon.colcon_core.verb:set package 'ros_gz_bringup' build argument 'cmake_target_skip_unavailable' from command line to 'False'
[0.374s] Level 5:colcon.colcon_core.verb:set package 'ros_gz_bringup' build argument 'cmake_clean_cache' from command line to 'False'
[0.374s] Level 5:colcon.colcon_core.verb:set package 'ros_gz_bringup' build argument 'cmake_clean_first' from command line to 'False'
[0.374s] Level 5:colcon.colcon_core.verb:set package 'ros_gz_bringup' build argument 'cmake_force_configure' from command line to 'False'
[0.374s] Level 5:colcon.colcon_core.verb:set package 'ros_gz_bringup' build argument 'ament_cmake_args' from command line to 'None'
[0.374s] Level 5:colcon.colcon_core.verb:set package 'ros_gz_bringup' build argument 'catkin_cmake_args' from command line to 'None'
[0.374s] Level 5:colcon.colcon_core.verb:set package 'ros_gz_bringup' build argument 'catkin_skip_building_tests' from command line to 'False'
[0.374s] DEBUG:colcon.colcon_core.verb:Building package 'ros_gz_bringup' with the following arguments: {'ament_cmake_args': None, 'build_base': '/home/miranseb/wwu/597F-Robotics/ros-lab-2/build/ros_gz_bringup', 'catkin_cmake_args': None, 'catkin_skip_building_tests': False, 'cmake_args': ['-DBUILD_TESTING=ON'], 'cmake_clean_cache': False, 'cmake_clean_first': False, 'cmake_force_configure': False, 'cmake_target': None, 'cmake_target_skip_unavailable': False, 'install_base': '/home/miranseb/wwu/597F-Robotics/ros-lab-2/install/ros_gz_bringup', 'merge_install': False, 'path': '/home/miranseb/wwu/597F-Robotics/ros-lab-2/ros_gz_bringup', 'symlink_install': False, 'test_result_base': None}
[0.374s] INFO:colcon.colcon_core.executor:Executing jobs using 'parallel' executor
[0.375s] DEBUG:colcon.colcon_parallel_executor.executor.parallel:run_until_complete
[0.375s] INFO:colcon.colcon_ros.task.ament_cmake.build:Building ROS package in '/home/miranseb/wwu/597F-Robotics/ros-lab-2/ros_gz_description' with build type 'ament_cmake'
[0.375s] INFO:colcon.colcon_cmake.task.cmake.build:Building CMake package in '/home/miranseb/wwu/597F-Robotics/ros-lab-2/ros_gz_description'
[0.378s] INFO:colcon.colcon_core.plugin_system:Skipping extension 'colcon_core.shell.bat': Not used on non-Windows systems
[0.379s] INFO:colcon.colcon_core.shell:Skip shell extension 'powershell' for command environment: Not usable outside of PowerShell
[0.379s] DEBUG:colcon.colcon_core.shell:Skip shell extension 'dsv' for command environment
[0.382s] INFO:colcon.colcon_ros.task.ament_cmake.build:Building ROS package in '/home/miranseb/wwu/597F-Robotics/ros-lab-2/ros_gz_app' with build type 'ament_cmake'
[0.382s] INFO:colcon.colcon_cmake.task.cmake.build:Building CMake package in '/home/miranseb/wwu/597F-Robotics/ros-lab-2/ros_gz_app'
[0.382s] INFO:colcon.colcon_core.shell:Skip shell extension 'powershell' for command environment: Not usable outside of PowerShell
[0.382s] DEBUG:colcon.colcon_core.shell:Skip shell extension 'dsv' for command environment
[0.387s] DEBUG:colcon.colcon_core.event_handler.log_command:Invoking command in '/home/miranseb/wwu/597F-Robotics/ros-lab-2/build/ros_gz_description': CMAKE_PREFIX_PATH=${CMAKE_PREFIX_PATH}:/opt/ros/jazzy DEBUGINFOD_URLS=https://debuginfod.ubuntu.com PS1=<ROS2-Jazzy>[\u@\h \W]$ /usr/bin/cmake /home/miranseb/wwu/597F-Robotics/ros-lab-2/ros_gz_description -DBUILD_TESTING=ON -DCMAKE_INSTALL_PREFIX=/home/miranseb/wwu/597F-Robotics/ros-lab-2/install/ros_gz_description
[0.393s] DEBUG:colcon.colcon_core.event_handler.log_command:Invoking command in '/home/miranseb/wwu/597F-Robotics/ros-lab-2/build/ros_gz_app': CMAKE_PREFIX_PATH=${CMAKE_PREFIX_PATH}:/opt/ros/jazzy DEBUGINFOD_URLS=https://debuginfod.ubuntu.com PS1=<ROS2-Jazzy>[\u@\h \W]$ /usr/bin/cmake /home/miranseb/wwu/597F-Robotics/ros-lab-2/ros_gz_app -DBUILD_TESTING=ON -DCMAKE_INSTALL_PREFIX=/home/miranseb/wwu/597F-Robotics/ros-lab-2/install/ros_gz_app
[1.670s] DEBUG:colcon.colcon_core.event_handler.log_command:Invoked command in '/home/miranseb/wwu/597F-Robotics/ros-lab-2/build/ros_gz_app' returned '0': CMAKE_PREFIX_PATH=${CMAKE_PREFIX_PATH}:/opt/ros/jazzy DEBUGINFOD_URLS=https://debuginfod.ubuntu.com PS1=<ROS2-Jazzy>[\u@\h \W]$ /usr/bin/cmake /home/miranseb/wwu/597F-Robotics/ros-lab-2/ros_gz_app -DBUILD_TESTING=ON -DCMAKE_INSTALL_PREFIX=/home/miranseb/wwu/597F-Robotics/ros-lab-2/install/ros_gz_app
[1.671s] DEBUG:colcon.colcon_core.event_handler.log_command:Invoking command in '/home/miranseb/wwu/597F-Robotics/ros-lab-2/build/ros_gz_app': CMAKE_PREFIX_PATH=${CMAKE_PREFIX_PATH}:/opt/ros/jazzy DEBUGINFOD_URLS=https://debuginfod.ubuntu.com PS1=<ROS2-Jazzy>[\u@\h \W]$ /usr/bin/cmake --build /home/miranseb/wwu/597F-Robotics/ros-lab-2/build/ros_gz_app -- -j24 -l24
[1.672s] DEBUG:colcon.colcon_core.event_handler.log_command:Invoked command in '/home/miranseb/wwu/597F-Robotics/ros-lab-2/build/ros_gz_description' returned '0': CMAKE_PREFIX_PATH=${CMAKE_PREFIX_PATH}:/opt/ros/jazzy DEBUGINFOD_URLS=https://debuginfod.ubuntu.com PS1=<ROS2-Jazzy>[\u@\h \W]$ /usr/bin/cmake /home/miranseb/wwu/597F-Robotics/ros-lab-2/ros_gz_description -DBUILD_TESTING=ON -DCMAKE_INSTALL_PREFIX=/home/miranseb/wwu/597F-Robotics/ros-lab-2/install/ros_gz_description
[1.673s] DEBUG:colcon.colcon_core.event_handler.log_command:Invoking command in '/home/miranseb/wwu/597F-Robotics/ros-lab-2/build/ros_gz_description': CMAKE_PREFIX_PATH=${CMAKE_PREFIX_PATH}:/opt/ros/jazzy DEBUGINFOD_URLS=https://debuginfod.ubuntu.com PS1=<ROS2-Jazzy>[\u@\h \W]$ /usr/bin/cmake --build /home/miranseb/wwu/597F-Robotics/ros-lab-2/build/ros_gz_description -- -j24 -l24
[1.727s] DEBUG:colcon.colcon_core.event_handler.log_command:Invoked command in '/home/miranseb/wwu/597F-Robotics/ros-lab-2/build/ros_gz_description' returned '0': CMAKE_PREFIX_PATH=${CMAKE_PREFIX_PATH}:/opt/ros/jazzy DEBUGINFOD_URLS=https://debuginfod.ubuntu.com PS1=<ROS2-Jazzy>[\u@\h \W]$ /usr/bin/cmake --build /home/miranseb/wwu/597F-Robotics/ros-lab-2/build/ros_gz_description -- -j24 -l24
[1.740s] DEBUG:colcon.colcon_core.event_handler.log_command:Invoking command in '/home/miranseb/wwu/597F-Robotics/ros-lab-2/build/ros_gz_description': CMAKE_PREFIX_PATH=${CMAKE_PREFIX_PATH}:/opt/ros/jazzy DEBUGINFOD_URLS=https://debuginfod.ubuntu.com PS1=<ROS2-Jazzy>[\u@\h \W]$ /usr/bin/cmake --install /home/miranseb/wwu/597F-Robotics/ros-lab-2/build/ros_gz_description
[1.741s] DEBUG:colcon.colcon_core.event_handler.log_command:Invoked command in '/home/miranseb/wwu/597F-Robotics/ros-lab-2/build/ros_gz_app' returned '0': CMAKE_PREFIX_PATH=${CMAKE_PREFIX_PATH}:/opt/ros/jazzy DEBUGINFOD_URLS=https://debuginfod.ubuntu.com PS1=<ROS2-Jazzy>[\u@\h \W]$ /usr/bin/cmake --build /home/miranseb/wwu/597F-Robotics/ros-lab-2/build/ros_gz_app -- -j24 -l24
[1.741s] DEBUG:colcon.colcon_core.event_handler.log_command:Invoking command in '/home/miranseb/wwu/597F-Robotics/ros-lab-2/build/ros_gz_app': CMAKE_PREFIX_PATH=${CMAKE_PREFIX_PATH}:/opt/ros/jazzy DEBUGINFOD_URLS=https://debuginfod.ubuntu.com PS1=<ROS2-Jazzy>[\u@\h \W]$ /usr/bin/cmake --install /home/miranseb/wwu/597F-Robotics/ros-lab-2/build/ros_gz_app
[1.755s] Level 1:colcon.colcon_core.environment:create_environment_scripts_only(ros_gz_description)
[1.755s] DEBUG:colcon.colcon_core.event_handler.log_command:Invoked command in '/home/miranseb/wwu/597F-Robotics/ros-lab-2/build/ros_gz_description' returned '0': CMAKE_PREFIX_PATH=${CMAKE_PREFIX_PATH}:/opt/ros/jazzy DEBUGINFOD_URLS=https://debuginfod.ubuntu.com PS1=<ROS2-Jazzy>[\u@\h \W]$ /usr/bin/cmake --install /home/miranseb/wwu/597F-Robotics/ros-lab-2/build/ros_gz_description
[1.761s] Level 1:colcon.colcon_core.environment:checking '/home/miranseb/wwu/597F-Robotics/ros-lab-2/install/ros_gz_description' for CMake module files
[1.761s] Level 1:colcon.colcon_core.environment:checking '/home/miranseb/wwu/597F-Robotics/ros-lab-2/install/ros_gz_description' for CMake config files
[1.762s] Level 1:colcon.colcon_core.shell:create_environment_hook('ros_gz_description', 'cmake_prefix_path')
[1.762s] INFO:colcon.colcon_core.shell:Creating environment hook '/home/miranseb/wwu/597F-Robotics/ros-lab-2/install/ros_gz_description/share/ros_gz_description/hook/cmake_prefix_path.ps1'
[1.762s] INFO:colcon.colcon_core.shell:Creating environment descriptor '/home/miranseb/wwu/597F-Robotics/ros-lab-2/install/ros_gz_description/share/ros_gz_description/hook/cmake_prefix_path.dsv'
[1.763s] INFO:colcon.colcon_core.shell:Creating environment hook '/home/miranseb/wwu/597F-Robotics/ros-lab-2/install/ros_gz_description/share/ros_gz_description/hook/cmake_prefix_path.sh'
[1.763s] Level 1:colcon.colcon_core.environment:checking '/home/miranseb/wwu/597F-Robotics/ros-lab-2/install/ros_gz_description/bin'
[1.763s] Level 1:colcon.colcon_core.environment:checking '/home/miranseb/wwu/597F-Robotics/ros-lab-2/install/ros_gz_description/lib/pkgconfig/ros_gz_description.pc'
[1.764s] Level 1:colcon.colcon_core.environment:checking '/home/miranseb/wwu/597F-Robotics/ros-lab-2/install/ros_gz_description/lib/python3.12/site-packages'
[1.764s] Level 1:colcon.colcon_core.environment:checking '/home/miranseb/wwu/597F-Robotics/ros-lab-2/install/ros_gz_description/bin'
[1.764s] INFO:colcon.colcon_core.shell:Creating package script '/home/miranseb/wwu/597F-Robotics/ros-lab-2/install/ros_gz_description/share/ros_gz_description/package.ps1'
[1.764s] INFO:colcon.colcon_core.shell:Creating package descriptor '/home/miranseb/wwu/597F-Robotics/ros-lab-2/install/ros_gz_description/share/ros_gz_description/package.dsv'
[1.765s] INFO:colcon.colcon_core.shell:Creating package script '/home/miranseb/wwu/597F-Robotics/ros-lab-2/install/ros_gz_description/share/ros_gz_description/package.sh'
[1.765s] INFO:colcon.colcon_core.shell:Creating package script '/home/miranseb/wwu/597F-Robotics/ros-lab-2/install/ros_gz_description/share/ros_gz_description/package.bash'
[1.766s] INFO:colcon.colcon_core.shell:Creating package script '/home/miranseb/wwu/597F-Robotics/ros-lab-2/install/ros_gz_description/share/ros_gz_description/package.zsh'
[1.767s] Level 1:colcon.colcon_core.environment:create_file_with_runtime_dependencies(/home/miranseb/wwu/597F-Robotics/ros-lab-2/install/ros_gz_description/share/colcon-core/packages/ros_gz_description)
[1.768s] Level 1:colcon.colcon_core.environment:create_environment_scripts_only(ros_gz_description)
[1.768s] Level 1:colcon.colcon_core.environment:checking '/home/miranseb/wwu/597F-Robotics/ros-lab-2/install/ros_gz_description' for CMake module files
[1.768s] Level 1:colcon.colcon_core.environment:checking '/home/miranseb/wwu/597F-Robotics/ros-lab-2/install/ros_gz_description' for CMake config files
[1.768s] Level 1:colcon.colcon_core.shell:create_environment_hook('ros_gz_description', 'cmake_prefix_path')
[1.768s] INFO:colcon.colcon_core.shell:Creating environment hook '/home/miranseb/wwu/597F-Robotics/ros-lab-2/install/ros_gz_description/share/ros_gz_description/hook/cmake_prefix_path.ps1'
[1.769s] INFO:colcon.colcon_core.shell:Creating environment descriptor '/home/miranseb/wwu/597F-Robotics/ros-lab-2/install/ros_gz_description/share/ros_gz_description/hook/cmake_prefix_path.dsv'
[1.769s] INFO:colcon.colcon_core.shell:Creating environment hook '/home/miranseb/wwu/597F-Robotics/ros-lab-2/install/ros_gz_description/share/ros_gz_description/hook/cmake_prefix_path.sh'
[1.769s] Level 1:colcon.colcon_core.environment:checking '/home/miranseb/wwu/597F-Robotics/ros-lab-2/install/ros_gz_description/bin'
[1.769s] Level 1:colcon.colcon_core.environment:checking '/home/miranseb/wwu/597F-Robotics/ros-lab-2/install/ros_gz_description/lib/pkgconfig/ros_gz_description.pc'
[1.770s] Level 1:colcon.colcon_core.environment:checking '/home/miranseb/wwu/597F-Robotics/ros-lab-2/install/ros_gz_description/lib/python3.12/site-packages'
[1.770s] Level 1:colcon.colcon_core.environment:checking '/home/miranseb/wwu/597F-Robotics/ros-lab-2/install/ros_gz_description/bin'
[1.770s] INFO:colcon.colcon_core.shell:Creating package script '/home/miranseb/wwu/597F-Robotics/ros-lab-2/install/ros_gz_description/share/ros_gz_description/package.ps1'
[1.770s] INFO:colcon.colcon_core.shell:Creating package descriptor '/home/miranseb/wwu/597F-Robotics/ros-lab-2/install/ros_gz_description/share/ros_gz_description/package.dsv'
[1.770s] INFO:colcon.colcon_core.shell:Creating package script '/home/miranseb/wwu/597F-Robotics/ros-lab-2/install/ros_gz_description/share/ros_gz_description/package.sh'
[1.771s] INFO:colcon.colcon_core.shell:Creating package script '/home/miranseb/wwu/597F-Robotics/ros-lab-2/install/ros_gz_description/share/ros_gz_description/package.bash'
[1.771s] INFO:colcon.colcon_core.shell:Creating package script '/home/miranseb/wwu/597F-Robotics/ros-lab-2/install/ros_gz_description/share/ros_gz_description/package.zsh'
[1.771s] Level 1:colcon.colcon_core.environment:create_file_with_runtime_dependencies(/home/miranseb/wwu/597F-Robotics/ros-lab-2/install/ros_gz_description/share/colcon-core/packages/ros_gz_description)
[1.772s] INFO:colcon.colcon_ros.task.ament_cmake.build:Building ROS package in '/home/miranseb/wwu/597F-Robotics/ros-lab-2/ros_gz_gazebo' with build type 'ament_cmake'
[1.772s] INFO:colcon.colcon_cmake.task.cmake.build:Building CMake package in '/home/miranseb/wwu/597F-Robotics/ros-lab-2/ros_gz_gazebo'
[1.772s] INFO:colcon.colcon_core.shell:Skip shell extension 'powershell' for command environment: Not usable outside of PowerShell
[1.772s] DEBUG:colcon.colcon_core.shell:Skip shell extension 'dsv' for command environment
[1.776s] Level 1:colcon.colcon_core.environment:create_environment_scripts_only(ros_gz_app)
[1.776s] DEBUG:colcon.colcon_core.event_handler.log_command:Invoked command in '/home/miranseb/wwu/597F-Robotics/ros-lab-2/build/ros_gz_app' returned '0': CMAKE_PREFIX_PATH=${CMAKE_PREFIX_PATH}:/opt/ros/jazzy DEBUGINFOD_URLS=https://debuginfod.ubuntu.com PS1=<ROS2-Jazzy>[\u@\h \W]$ /usr/bin/cmake --install /home/miranseb/wwu/597F-Robotics/ros-lab-2/build/ros_gz_app
[1.777s] Level 1:colcon.colcon_core.environment:checking '/home/miranseb/wwu/597F-Robotics/ros-lab-2/install/ros_gz_app' for CMake module files
[1.777s] Level 1:colcon.colcon_core.environment:checking '/home/miranseb/wwu/597F-Robotics/ros-lab-2/install/ros_gz_app' for CMake config files
[1.777s] Level 1:colcon.colcon_core.shell:create_environment_hook('ros_gz_app', 'cmake_prefix_path')
[1.777s] INFO:colcon.colcon_core.shell:Creating environment hook '/home/miranseb/wwu/597F-Robotics/ros-lab-2/install/ros_gz_app/share/ros_gz_app/hook/cmake_prefix_path.ps1'
[1.778s] INFO:colcon.colcon_core.shell:Creating environment descriptor '/home/miranseb/wwu/597F-Robotics/ros-lab-2/install/ros_gz_app/share/ros_gz_app/hook/cmake_prefix_path.dsv'
[1.778s] INFO:colcon.colcon_core.shell:Creating environment hook '/home/miranseb/wwu/597F-Robotics/ros-lab-2/install/ros_gz_app/share/ros_gz_app/hook/cmake_prefix_path.sh'
[1.779s] Level 1:colcon.colcon_core.environment:checking '/home/miranseb/wwu/597F-Robotics/ros-lab-2/install/ros_gz_app/bin'
[1.779s] Level 1:colcon.colcon_core.environment:checking '/home/miranseb/wwu/597F-Robotics/ros-lab-2/install/ros_gz_app/lib/pkgconfig/ros_gz_app.pc'
[1.779s] Level 1:colcon.colcon_core.environment:checking '/home/miranseb/wwu/597F-Robotics/ros-lab-2/install/ros_gz_app/lib/python3.12/site-packages'
[1.779s] Level 1:colcon.colcon_core.environment:checking '/home/miranseb/wwu/597F-Robotics/ros-lab-2/install/ros_gz_app/bin'
[1.779s] INFO:colcon.colcon_core.shell:Creating package script '/home/miranseb/wwu/597F-Robotics/ros-lab-2/install/ros_gz_app/share/ros_gz_app/package.ps1'
[1.779s] INFO:colcon.colcon_core.shell:Creating package descriptor '/home/miranseb/wwu/597F-Robotics/ros-lab-2/install/ros_gz_app/share/ros_gz_app/package.dsv'
[1.780s] INFO:colcon.colcon_core.shell:Creating package script '/home/miranseb/wwu/597F-Robotics/ros-lab-2/install/ros_gz_app/share/ros_gz_app/package.sh'
[1.780s] INFO:colcon.colcon_core.shell:Creating package script '/home/miranseb/wwu/597F-Robotics/ros-lab-2/install/ros_gz_app/share/ros_gz_app/package.bash'
[1.781s] INFO:colcon.colcon_core.shell:Creating package script '/home/miranseb/wwu/597F-Robotics/ros-lab-2/install/ros_gz_app/share/ros_gz_app/package.zsh'
[1.781s] Level 1:colcon.colcon_core.environment:create_file_with_runtime_dependencies(/home/miranseb/wwu/597F-Robotics/ros-lab-2/install/ros_gz_app/share/colcon-core/packages/ros_gz_app)
[1.781s] Level 1:colcon.colcon_core.environment:create_environment_scripts_only(ros_gz_app)
[1.781s] Level 1:colcon.colcon_core.environment:checking '/home/miranseb/wwu/597F-Robotics/ros-lab-2/install/ros_gz_app' for CMake module files
[1.782s] Level 1:colcon.colcon_core.environment:checking '/home/miranseb/wwu/597F-Robotics/ros-lab-2/install/ros_gz_app' for CMake config files
[1.782s] Level 1:colcon.colcon_core.shell:create_environment_hook('ros_gz_app', 'cmake_prefix_path')
[1.782s] INFO:colcon.colcon_core.shell:Creating environment hook '/home/miranseb/wwu/597F-Robotics/ros-lab-2/install/ros_gz_app/share/ros_gz_app/hook/cmake_prefix_path.ps1'
[1.782s] INFO:colcon.colcon_core.shell:Creating environment descriptor '/home/miranseb/wwu/597F-Robotics/ros-lab-2/install/ros_gz_app/share/ros_gz_app/hook/cmake_prefix_path.dsv'
[1.783s] INFO:colcon.colcon_core.shell:Creating environment hook '/home/miranseb/wwu/597F-Robotics/ros-lab-2/install/ros_gz_app/share/ros_gz_app/hook/cmake_prefix_path.sh'
[1.783s] Level 1:colcon.colcon_core.environment:checking '/home/miranseb/wwu/597F-Robotics/ros-lab-2/install/ros_gz_app/bin'
[1.783s] Level 1:colcon.colcon_core.environment:checking '/home/miranseb/wwu/597F-Robotics/ros-lab-2/install/ros_gz_app/lib/pkgconfig/ros_gz_app.pc'
[1.783s] Level 1:colcon.colcon_core.environment:checking '/home/miranseb/wwu/597F-Robotics/ros-lab-2/install/ros_gz_app/lib/python3.12/site-packages'
[1.783s] Level 1:colcon.colcon_core.environment:checking '/home/miranseb/wwu/597F-Robotics/ros-lab-2/install/ros_gz_app/bin'
[1.783s] INFO:colcon.colcon_core.shell:Creating package script '/home/miranseb/wwu/597F-Robotics/ros-lab-2/install/ros_gz_app/share/ros_gz_app/package.ps1'
[1.784s] INFO:colcon.colcon_core.shell:Creating package descriptor '/home/miranseb/wwu/597F-Robotics/ros-lab-2/install/ros_gz_app/share/ros_gz_app/package.dsv'
[1.784s] INFO:colcon.colcon_core.shell:Creating package script '/home/miranseb/wwu/597F-Robotics/ros-lab-2/install/ros_gz_app/share/ros_gz_app/package.sh'
[1.784s] INFO:colcon.colcon_core.shell:Creating package script '/home/miranseb/wwu/597F-Robotics/ros-lab-2/install/ros_gz_app/share/ros_gz_app/package.bash'
[1.785s] INFO:colcon.colcon_core.shell:Creating package script '/home/miranseb/wwu/597F-Robotics/ros-lab-2/install/ros_gz_app/share/ros_gz_app/package.zsh'
[1.785s] Level 1:colcon.colcon_core.environment:create_file_with_runtime_dependencies(/home/miranseb/wwu/597F-Robotics/ros-lab-2/install/ros_gz_app/share/colcon-core/packages/ros_gz_app)
[1.787s] DEBUG:colcon.colcon_core.event_handler.log_command:Invoking command in '/home/miranseb/wwu/597F-Robotics/ros-lab-2/build/ros_gz_gazebo': CMAKE_PREFIX_PATH=/home/miranseb/wwu/597F-Robotics/ros-lab-2/install/ros_gz_description:/opt/ros/jazzy/opt/gz_sim_vendor:/opt/ros/jazzy/opt/gz_sensors_vendor:/opt/ros/jazzy/opt/gz_physics_vendor:/opt/ros/jazzy/opt/sdformat_vendor:/opt/ros/jazzy/opt/gz_gui_vendor:/opt/ros/jazzy/opt/gz_transport_vendor:/opt/ros/jazzy/opt/gz_rendering_vendor:/opt/ros/jazzy/opt/gz_plugin_vendor:/opt/ros/jazzy/opt/gz_fuel_tools_vendor:/opt/ros/jazzy/opt/gz_msgs_vendor:/opt/ros/jazzy/opt/gz_common_vendor:/opt/ros/jazzy/opt/gz_math_vendor:/opt/ros/jazzy/opt/gz_utils_vendor:/opt/ros/jazzy/opt/gz_tools_vendor:/opt/ros/jazzy/opt/gz_ogre_next_vendor:/opt/ros/jazzy/opt/gz_dartsim_vendor:/opt/ros/jazzy/opt/gz_cmake_vendor:/opt/ros/jazzy DEBUGINFOD_URLS=https://debuginfod.ubuntu.com PS1=<ROS2-Jazzy>[\u@\h \W]$ /usr/bin/cmake /home/miranseb/wwu/597F-Robotics/ros-lab-2/ros_gz_gazebo -DBUILD_TESTING=ON -DCMAKE_INSTALL_PREFIX=/home/miranseb/wwu/597F-Robotics/ros-lab-2/install/ros_gz_gazebo
[4.535s] DEBUG:colcon.colcon_core.event_handler.log_command:Invoked command in '/home/miranseb/wwu/597F-Robotics/ros-lab-2/build/ros_gz_gazebo' returned '0': CMAKE_PREFIX_PATH=/home/miranseb/wwu/597F-Robotics/ros-lab-2/install/ros_gz_description:/opt/ros/jazzy/opt/gz_sim_vendor:/opt/ros/jazzy/opt/gz_sensors_vendor:/opt/ros/jazzy/opt/gz_physics_vendor:/opt/ros/jazzy/opt/sdformat_vendor:/opt/ros/jazzy/opt/gz_gui_vendor:/opt/ros/jazzy/opt/gz_transport_vendor:/opt/ros/jazzy/opt/gz_rendering_vendor:/opt/ros/jazzy/opt/gz_plugin_vendor:/opt/ros/jazzy/opt/gz_fuel_tools_vendor:/opt/ros/jazzy/opt/gz_msgs_vendor:/opt/ros/jazzy/opt/gz_common_vendor:/opt/ros/jazzy/opt/gz_math_vendor:/opt/ros/jazzy/opt/gz_utils_vendor:/opt/ros/jazzy/opt/gz_tools_vendor:/opt/ros/jazzy/opt/gz_ogre_next_vendor:/opt/ros/jazzy/opt/gz_dartsim_vendor:/opt/ros/jazzy/opt/gz_cmake_vendor:/opt/ros/jazzy DEBUGINFOD_URLS=https://debuginfod.ubuntu.com PS1=<ROS2-Jazzy>[\u@\h \W]$ /usr/bin/cmake /home/miranseb/wwu/597F-Robotics/ros-lab-2/ros_gz_gazebo -DBUILD_TESTING=ON -DCMAKE_INSTALL_PREFIX=/home/miranseb/wwu/597F-Robotics/ros-lab-2/install/ros_gz_gazebo
[4.536s] DEBUG:colcon.colcon_core.event_handler.log_command:Invoking command in '/home/miranseb/wwu/597F-Robotics/ros-lab-2/build/ros_gz_gazebo': CMAKE_PREFIX_PATH=/home/miranseb/wwu/597F-Robotics/ros-lab-2/install/ros_gz_description:/opt/ros/jazzy/opt/gz_sim_vendor:/opt/ros/jazzy/opt/gz_sensors_vendor:/opt/ros/jazzy/opt/gz_physics_vendor:/opt/ros/jazzy/opt/sdformat_vendor:/opt/ros/jazzy/opt/gz_gui_vendor:/opt/ros/jazzy/opt/gz_transport_vendor:/opt/ros/jazzy/opt/gz_rendering_vendor:/opt/ros/jazzy/opt/gz_plugin_vendor:/opt/ros/jazzy/opt/gz_fuel_tools_vendor:/opt/ros/jazzy/opt/gz_msgs_vendor:/opt/ros/jazzy/opt/gz_common_vendor:/opt/ros/jazzy/opt/gz_math_vendor:/opt/ros/jazzy/opt/gz_utils_vendor:/opt/ros/jazzy/opt/gz_tools_vendor:/opt/ros/jazzy/opt/gz_ogre_next_vendor:/opt/ros/jazzy/opt/gz_dartsim_vendor:/opt/ros/jazzy/opt/gz_cmake_vendor:/opt/ros/jazzy DEBUGINFOD_URLS=https://debuginfod.ubuntu.com PS1=<ROS2-Jazzy>[\u@\h \W]$ /usr/bin/cmake --build /home/miranseb/wwu/597F-Robotics/ros-lab-2/build/ros_gz_gazebo -- -j24 -l24
[6.450s] DEBUG:colcon.colcon_core.event_handler.log_command:Invoked command in '/home/miranseb/wwu/597F-Robotics/ros-lab-2/build/ros_gz_gazebo' returned '0': CMAKE_PREFIX_PATH=/home/miranseb/wwu/597F-Robotics/ros-lab-2/install/ros_gz_description:/opt/ros/jazzy/opt/gz_sim_vendor:/opt/ros/jazzy/opt/gz_sensors_vendor:/opt/ros/jazzy/opt/gz_physics_vendor:/opt/ros/jazzy/opt/sdformat_vendor:/opt/ros/jazzy/opt/gz_gui_vendor:/opt/ros/jazzy/opt/gz_transport_vendor:/opt/ros/jazzy/opt/gz_rendering_vendor:/opt/ros/jazzy/opt/gz_plugin_vendor:/opt/ros/jazzy/opt/gz_fuel_tools_vendor:/opt/ros/jazzy/opt/gz_msgs_vendor:/opt/ros/jazzy/opt/gz_common_vendor:/opt/ros/jazzy/opt/gz_math_vendor:/opt/ros/jazzy/opt/gz_utils_vendor:/opt/ros/jazzy/opt/gz_tools_vendor:/opt/ros/jazzy/opt/gz_ogre_next_vendor:/opt/ros/jazzy/opt/gz_dartsim_vendor:/opt/ros/jazzy/opt/gz_cmake_vendor:/opt/ros/jazzy DEBUGINFOD_URLS=https://debuginfod.ubuntu.com PS1=<ROS2-Jazzy>[\u@\h \W]$ /usr/bin/cmake --build /home/miranseb/wwu/597F-Robotics/ros-lab-2/build/ros_gz_gazebo -- -j24 -l24
[6.451s] DEBUG:colcon.colcon_core.event_handler.log_command:Invoking command in '/home/miranseb/wwu/597F-Robotics/ros-lab-2/build/ros_gz_gazebo': CMAKE_PREFIX_PATH=/home/miranseb/wwu/597F-Robotics/ros-lab-2/install/ros_gz_description:/opt/ros/jazzy/opt/gz_sim_vendor:/opt/ros/jazzy/opt/gz_sensors_vendor:/opt/ros/jazzy/opt/gz_physics_vendor:/opt/ros/jazzy/opt/sdformat_vendor:/opt/ros/jazzy/opt/gz_gui_vendor:/opt/ros/jazzy/opt/gz_transport_vendor:/opt/ros/jazzy/opt/gz_rendering_vendor:/opt/ros/jazzy/opt/gz_plugin_vendor:/opt/ros/jazzy/opt/gz_fuel_tools_vendor:/opt/ros/jazzy/opt/gz_msgs_vendor:/opt/ros/jazzy/opt/gz_common_vendor:/opt/ros/jazzy/opt/gz_math_vendor:/opt/ros/jazzy/opt/gz_utils_vendor:/opt/ros/jazzy/opt/gz_tools_vendor:/opt/ros/jazzy/opt/gz_ogre_next_vendor:/opt/ros/jazzy/opt/gz_dartsim_vendor:/opt/ros/jazzy/opt/gz_cmake_vendor:/opt/ros/jazzy DEBUGINFOD_URLS=https://debuginfod.ubuntu.com PS1=<ROS2-Jazzy>[\u@\h \W]$ /usr/bin/cmake --install /home/miranseb/wwu/597F-Robotics/ros-lab-2/build/ros_gz_gazebo
[6.468s] Level 1:colcon.colcon_core.environment:create_environment_scripts_only(ros_gz_gazebo)
[6.468s] DEBUG:colcon.colcon_core.event_handler.log_command:Invoked command in '/home/miranseb/wwu/597F-Robotics/ros-lab-2/build/ros_gz_gazebo' returned '0': CMAKE_PREFIX_PATH=/home/miranseb/wwu/597F-Robotics/ros-lab-2/install/ros_gz_description:/opt/ros/jazzy/opt/gz_sim_vendor:/opt/ros/jazzy/opt/gz_sensors_vendor:/opt/ros/jazzy/opt/gz_physics_vendor:/opt/ros/jazzy/opt/sdformat_vendor:/opt/ros/jazzy/opt/gz_gui_vendor:/opt/ros/jazzy/opt/gz_transport_vendor:/opt/ros/jazzy/opt/gz_rendering_vendor:/opt/ros/jazzy/opt/gz_plugin_vendor:/opt/ros/jazzy/opt/gz_fuel_tools_vendor:/opt/ros/jazzy/opt/gz_msgs_vendor:/opt/ros/jazzy/opt/gz_common_vendor:/opt/ros/jazzy/opt/gz_math_vendor:/opt/ros/jazzy/opt/gz_utils_vendor:/opt/ros/jazzy/opt/gz_tools_vendor:/opt/ros/jazzy/opt/gz_ogre_next_vendor:/opt/ros/jazzy/opt/gz_dartsim_vendor:/opt/ros/jazzy/opt/gz_cmake_vendor:/opt/ros/jazzy DEBUGINFOD_URLS=https://debuginfod.ubuntu.com PS1=<ROS2-Jazzy>[\u@\h \W]$ /usr/bin/cmake --install /home/miranseb/wwu/597F-Robotics/ros-lab-2/build/ros_gz_gazebo
[6.468s] Level 1:colcon.colcon_core.environment:checking '/home/miranseb/wwu/597F-Robotics/ros-lab-2/install/ros_gz_gazebo' for CMake module files
[6.469s] Level 1:colcon.colcon_core.environment:checking '/home/miranseb/wwu/597F-Robotics/ros-lab-2/install/ros_gz_gazebo' for CMake config files
[6.469s] Level 1:colcon.colcon_core.shell:create_environment_hook('ros_gz_gazebo', 'cmake_prefix_path')
[6.469s] INFO:colcon.colcon_core.shell:Creating environment hook '/home/miranseb/wwu/597F-Robotics/ros-lab-2/install/ros_gz_gazebo/share/ros_gz_gazebo/hook/cmake_prefix_path.ps1'
[6.470s] INFO:colcon.colcon_core.shell:Creating environment descriptor '/home/miranseb/wwu/597F-Robotics/ros-lab-2/install/ros_gz_gazebo/share/ros_gz_gazebo/hook/cmake_prefix_path.dsv'
[6.470s] INFO:colcon.colcon_core.shell:Creating environment hook '/home/miranseb/wwu/597F-Robotics/ros-lab-2/install/ros_gz_gazebo/share/ros_gz_gazebo/hook/cmake_prefix_path.sh'
[6.470s] Level 1:colcon.colcon_core.environment:checking '/home/miranseb/wwu/597F-Robotics/ros-lab-2/install/ros_gz_gazebo/lib'
[6.471s] Level 1:colcon.colcon_core.environment:checking '/home/miranseb/wwu/597F-Robotics/ros-lab-2/install/ros_gz_gazebo/bin'
[6.471s] Level 1:colcon.colcon_core.environment:checking '/home/miranseb/wwu/597F-Robotics/ros-lab-2/install/ros_gz_gazebo/lib/pkgconfig/ros_gz_gazebo.pc'
[6.471s] Level 1:colcon.colcon_core.environment:checking '/home/miranseb/wwu/597F-Robotics/ros-lab-2/install/ros_gz_gazebo/lib/python3.12/site-packages'
[6.471s] Level 1:colcon.colcon_core.environment:checking '/home/miranseb/wwu/597F-Robotics/ros-lab-2/install/ros_gz_gazebo/bin'
[6.471s] INFO:colcon.colcon_core.shell:Creating package script '/home/miranseb/wwu/597F-Robotics/ros-lab-2/install/ros_gz_gazebo/share/ros_gz_gazebo/package.ps1'
[6.471s] INFO:colcon.colcon_core.shell:Creating package descriptor '/home/miranseb/wwu/597F-Robotics/ros-lab-2/install/ros_gz_gazebo/share/ros_gz_gazebo/package.dsv'
[6.472s] INFO:colcon.colcon_core.shell:Creating package script '/home/miranseb/wwu/597F-Robotics/ros-lab-2/install/ros_gz_gazebo/share/ros_gz_gazebo/package.sh'
[6.472s] INFO:colcon.colcon_core.shell:Creating package script '/home/miranseb/wwu/597F-Robotics/ros-lab-2/install/ros_gz_gazebo/share/ros_gz_gazebo/package.bash'
[6.472s] INFO:colcon.colcon_core.shell:Creating package script '/home/miranseb/wwu/597F-Robotics/ros-lab-2/install/ros_gz_gazebo/share/ros_gz_gazebo/package.zsh'
[6.473s] Level 1:colcon.colcon_core.environment:create_file_with_runtime_dependencies(/home/miranseb/wwu/597F-Robotics/ros-lab-2/install/ros_gz_gazebo/share/colcon-core/packages/ros_gz_gazebo)
[6.473s] Level 1:colcon.colcon_core.environment:create_environment_scripts_only(ros_gz_gazebo)
[6.473s] Level 1:colcon.colcon_core.environment:checking '/home/miranseb/wwu/597F-Robotics/ros-lab-2/install/ros_gz_gazebo' for CMake module files
[6.474s] Level 1:colcon.colcon_core.environment:checking '/home/miranseb/wwu/597F-Robotics/ros-lab-2/install/ros_gz_gazebo' for CMake config files
[6.474s] Level 1:colcon.colcon_core.shell:create_environment_hook('ros_gz_gazebo', 'cmake_prefix_path')
[6.474s] INFO:colcon.colcon_core.shell:Creating environment hook '/home/miranseb/wwu/597F-Robotics/ros-lab-2/install/ros_gz_gazebo/share/ros_gz_gazebo/hook/cmake_prefix_path.ps1'
[6.474s] INFO:colcon.colcon_core.shell:Creating environment descriptor '/home/miranseb/wwu/597F-Robotics/ros-lab-2/install/ros_gz_gazebo/share/ros_gz_gazebo/hook/cmake_prefix_path.dsv'
[6.474s] INFO:colcon.colcon_core.shell:Creating environment hook '/home/miranseb/wwu/597F-Robotics/ros-lab-2/install/ros_gz_gazebo/share/ros_gz_gazebo/hook/cmake_prefix_path.sh'
[6.475s] Level 1:colcon.colcon_core.environment:checking '/home/miranseb/wwu/597F-Robotics/ros-lab-2/install/ros_gz_gazebo/lib'
[6.475s] Level 1:colcon.colcon_core.environment:checking '/home/miranseb/wwu/597F-Robotics/ros-lab-2/install/ros_gz_gazebo/bin'
[6.475s] Level 1:colcon.colcon_core.environment:checking '/home/miranseb/wwu/597F-Robotics/ros-lab-2/install/ros_gz_gazebo/lib/pkgconfig/ros_gz_gazebo.pc'
[6.475s] Level 1:colcon.colcon_core.environment:checking '/home/miranseb/wwu/597F-Robotics/ros-lab-2/install/ros_gz_gazebo/lib/python3.12/site-packages'
[6.475s] Level 1:colcon.colcon_core.environment:checking '/home/miranseb/wwu/597F-Robotics/ros-lab-2/install/ros_gz_gazebo/bin'
[6.475s] INFO:colcon.colcon_core.shell:Creating package script '/home/miranseb/wwu/597F-Robotics/ros-lab-2/install/ros_gz_gazebo/share/ros_gz_gazebo/package.ps1'
[6.476s] INFO:colcon.colcon_core.shell:Creating package descriptor '/home/miranseb/wwu/597F-Robotics/ros-lab-2/install/ros_gz_gazebo/share/ros_gz_gazebo/package.dsv'
[6.476s] INFO:colcon.colcon_core.shell:Creating package script '/home/miranseb/wwu/597F-Robotics/ros-lab-2/install/ros_gz_gazebo/share/ros_gz_gazebo/package.sh'
[6.476s] INFO:colcon.colcon_core.shell:Creating package script '/home/miranseb/wwu/597F-Robotics/ros-lab-2/install/ros_gz_gazebo/share/ros_gz_gazebo/package.bash'
[6.477s] INFO:colcon.colcon_core.shell:Creating package script '/home/miranseb/wwu/597F-Robotics/ros-lab-2/install/ros_gz_gazebo/share/ros_gz_gazebo/package.zsh'
[6.477s] Level 1:colcon.colcon_core.environment:create_file_with_runtime_dependencies(/home/miranseb/wwu/597F-Robotics/ros-lab-2/install/ros_gz_gazebo/share/colcon-core/packages/ros_gz_gazebo)
[6.477s] INFO:colcon.colcon_ros.task.ament_cmake.build:Building ROS package in '/home/miranseb/wwu/597F-Robotics/ros-lab-2/ros_gz_bringup' with build type 'ament_cmake'
[6.477s] INFO:colcon.colcon_cmake.task.cmake.build:Building CMake package in '/home/miranseb/wwu/597F-Robotics/ros-lab-2/ros_gz_bringup'
[6.477s] INFO:colcon.colcon_core.shell:Skip shell extension 'powershell' for command environment: Not usable outside of PowerShell
[6.477s] DEBUG:colcon.colcon_core.shell:Skip shell extension 'dsv' for command environment
[6.485s] DEBUG:colcon.colcon_core.event_handler.log_command:Invoking command in '/home/miranseb/wwu/597F-Robotics/ros-lab-2/build/ros_gz_bringup': AMENT_PREFIX_PATH=/home/miranseb/wwu/597F-Robotics/ros-lab-2/install/ros_gz_gazebo:${AMENT_PREFIX_PATH} CMAKE_PREFIX_PATH=/home/miranseb/wwu/597F-Robotics/ros-lab-2/install/ros_gz_gazebo:/home/miranseb/wwu/597F-Robotics/ros-lab-2/install/ros_gz_description:/opt/ros/jazzy/opt/gz_sim_vendor:/opt/ros/jazzy/opt/gz_sensors_vendor:/opt/ros/jazzy/opt/gz_physics_vendor:/opt/ros/jazzy/opt/sdformat_vendor:/opt/ros/jazzy/opt/gz_gui_vendor:/opt/ros/jazzy/opt/gz_transport_vendor:/opt/ros/jazzy/opt/gz_rendering_vendor:/opt/ros/jazzy/opt/gz_plugin_vendor:/opt/ros/jazzy/opt/gz_fuel_tools_vendor:/opt/ros/jazzy/opt/gz_msgs_vendor:/opt/ros/jazzy/opt/gz_common_vendor:/opt/ros/jazzy/opt/gz_math_vendor:/opt/ros/jazzy/opt/gz_utils_vendor:/opt/ros/jazzy/opt/gz_tools_vendor:/opt/ros/jazzy/opt/gz_ogre_next_vendor:/opt/ros/jazzy/opt/gz_dartsim_vendor:/opt/ros/jazzy/opt/gz_cmake_vendor:/opt/ros/jazzy DEBUGINFOD_URLS=https://debuginfod.ubuntu.com GZ_SIM_PLUGIN_PATH=/home/miranseb/wwu/597F-Robotics/ros-lab-2/install/ros_gz_gazebo/lib/ros_gz_gazebo GZ_SIM_RESOURCE_PATH=/home/miranseb/wwu/597F-Robotics/ros-lab-2/install/ros_gz_gazebo/share/ros_gz_gazebo/worlds PS1=<ROS2-Jazzy>[\u@\h \W]$ /usr/bin/cmake /home/miranseb/wwu/597F-Robotics/ros-lab-2/ros_gz_bringup -DBUILD_TESTING=ON -DCMAKE_INSTALL_PREFIX=/home/miranseb/wwu/597F-Robotics/ros-lab-2/install/ros_gz_bringup
[7.342s] DEBUG:colcon.colcon_core.event_handler.log_command:Invoked command in '/home/miranseb/wwu/597F-Robotics/ros-lab-2/build/ros_gz_bringup' returned '0': AMENT_PREFIX_PATH=/home/miranseb/wwu/597F-Robotics/ros-lab-2/install/ros_gz_gazebo:${AMENT_PREFIX_PATH} CMAKE_PREFIX_PATH=/home/miranseb/wwu/597F-Robotics/ros-lab-2/install/ros_gz_gazebo:/home/miranseb/wwu/597F-Robotics/ros-lab-2/install/ros_gz_description:/opt/ros/jazzy/opt/gz_sim_vendor:/opt/ros/jazzy/opt/gz_sensors_vendor:/opt/ros/jazzy/opt/gz_physics_vendor:/opt/ros/jazzy/opt/sdformat_vendor:/opt/ros/jazzy/opt/gz_gui_vendor:/opt/ros/jazzy/opt/gz_transport_vendor:/opt/ros/jazzy/opt/gz_rendering_vendor:/opt/ros/jazzy/opt/gz_plugin_vendor:/opt/ros/jazzy/opt/gz_fuel_tools_vendor:/opt/ros/jazzy/opt/gz_msgs_vendor:/opt/ros/jazzy/opt/gz_common_vendor:/opt/ros/jazzy/opt/gz_math_vendor:/opt/ros/jazzy/opt/gz_utils_vendor:/opt/ros/jazzy/opt/gz_tools_vendor:/opt/ros/jazzy/opt/gz_ogre_next_vendor:/opt/ros/jazzy/opt/gz_dartsim_vendor:/opt/ros/jazzy/opt/gz_cmake_vendor:/opt/ros/jazzy DEBUGINFOD_URLS=https://debuginfod.ubuntu.com GZ_SIM_PLUGIN_PATH=/home/miranseb/wwu/597F-Robotics/ros-lab-2/install/ros_gz_gazebo/lib/ros_gz_gazebo GZ_SIM_RESOURCE_PATH=/home/miranseb/wwu/597F-Robotics/ros-lab-2/install/ros_gz_gazebo/share/ros_gz_gazebo/worlds PS1=<ROS2-Jazzy>[\u@\h \W]$ /usr/bin/cmake /home/miranseb/wwu/597F-Robotics/ros-lab-2/ros_gz_bringup -DBUILD_TESTING=ON -DCMAKE_INSTALL_PREFIX=/home/miranseb/wwu/597F-Robotics/ros-lab-2/install/ros_gz_bringup
[7.343s] DEBUG:colcon.colcon_core.event_handler.log_command:Invoking command in '/home/miranseb/wwu/597F-Robotics/ros-lab-2/build/ros_gz_bringup': AMENT_PREFIX_PATH=/home/miranseb/wwu/597F-Robotics/ros-lab-2/install/ros_gz_gazebo:${AMENT_PREFIX_PATH} CMAKE_PREFIX_PATH=/home/miranseb/wwu/597F-Robotics/ros-lab-2/install/ros_gz_gazebo:/home/miranseb/wwu/597F-Robotics/ros-lab-2/install/ros_gz_description:/opt/ros/jazzy/opt/gz_sim_vendor:/opt/ros/jazzy/opt/gz_sensors_vendor:/opt/ros/jazzy/opt/gz_physics_vendor:/opt/ros/jazzy/opt/sdformat_vendor:/opt/ros/jazzy/opt/gz_gui_vendor:/opt/ros/jazzy/opt/gz_transport_vendor:/opt/ros/jazzy/opt/gz_rendering_vendor:/opt/ros/jazzy/opt/gz_plugin_vendor:/opt/ros/jazzy/opt/gz_fuel_tools_vendor:/opt/ros/jazzy/opt/gz_msgs_vendor:/opt/ros/jazzy/opt/gz_common_vendor:/opt/ros/jazzy/opt/gz_math_vendor:/opt/ros/jazzy/opt/gz_utils_vendor:/opt/ros/jazzy/opt/gz_tools_vendor:/opt/ros/jazzy/opt/gz_ogre_next_vendor:/opt/ros/jazzy/opt/gz_dartsim_vendor:/opt/ros/jazzy/opt/gz_cmake_vendor:/opt/ros/jazzy DEBUGINFOD_URLS=https://debuginfod.ubuntu.com GZ_SIM_PLUGIN_PATH=/home/miranseb/wwu/597F-Robotics/ros-lab-2/install/ros_gz_gazebo/lib/ros_gz_gazebo GZ_SIM_RESOURCE_PATH=/home/miranseb/wwu/597F-Robotics/ros-lab-2/install/ros_gz_gazebo/share/ros_gz_gazebo/worlds PS1=<ROS2-Jazzy>[\u@\h \W]$ /usr/bin/cmake --build /home/miranseb/wwu/597F-Robotics/ros-lab-2/build/ros_gz_bringup -- -j24 -l24
[7.393s] DEBUG:colcon.colcon_core.event_handler.log_command:Invoked command in '/home/miranseb/wwu/597F-Robotics/ros-lab-2/build/ros_gz_bringup' returned '0': AMENT_PREFIX_PATH=/home/miranseb/wwu/597F-Robotics/ros-lab-2/install/ros_gz_gazebo:${AMENT_PREFIX_PATH} CMAKE_PREFIX_PATH=/home/miranseb/wwu/597F-Robotics/ros-lab-2/install/ros_gz_gazebo:/home/miranseb/wwu/597F-Robotics/ros-lab-2/install/ros_gz_description:/opt/ros/jazzy/opt/gz_sim_vendor:/opt/ros/jazzy/opt/gz_sensors_vendor:/opt/ros/jazzy/opt/gz_physics_vendor:/opt/ros/jazzy/opt/sdformat_vendor:/opt/ros/jazzy/opt/gz_gui_vendor:/opt/ros/jazzy/opt/gz_transport_vendor:/opt/ros/jazzy/opt/gz_rendering_vendor:/opt/ros/jazzy/opt/gz_plugin_vendor:/opt/ros/jazzy/opt/gz_fuel_tools_vendor:/opt/ros/jazzy/opt/gz_msgs_vendor:/opt/ros/jazzy/opt/gz_common_vendor:/opt/ros/jazzy/opt/gz_math_vendor:/opt/ros/jazzy/opt/gz_utils_vendor:/opt/ros/jazzy/opt/gz_tools_vendor:/opt/ros/jazzy/opt/gz_ogre_next_vendor:/opt/ros/jazzy/opt/gz_dartsim_vendor:/opt/ros/jazzy/opt/gz_cmake_vendor:/opt/ros/jazzy DEBUGINFOD_URLS=https://debuginfod.ubuntu.com GZ_SIM_PLUGIN_PATH=/home/miranseb/wwu/597F-Robotics/ros-lab-2/install/ros_gz_gazebo/lib/ros_gz_gazebo GZ_SIM_RESOURCE_PATH=/home/miranseb/wwu/597F-Robotics/ros-lab-2/install/ros_gz_gazebo/share/ros_gz_gazebo/worlds PS1=<ROS2-Jazzy>[\u@\h \W]$ /usr/bin/cmake --build /home/miranseb/wwu/597F-Robotics/ros-lab-2/build/ros_gz_bringup -- -j24 -l24
[7.393s] DEBUG:colcon.colcon_core.event_handler.log_command:Invoking command in '/home/miranseb/wwu/597F-Robotics/ros-lab-2/build/ros_gz_bringup': AMENT_PREFIX_PATH=/home/miranseb/wwu/597F-Robotics/ros-lab-2/install/ros_gz_gazebo:${AMENT_PREFIX_PATH} CMAKE_PREFIX_PATH=/home/miranseb/wwu/597F-Robotics/ros-lab-2/install/ros_gz_gazebo:/home/miranseb/wwu/597F-Robotics/ros-lab-2/install/ros_gz_description:/opt/ros/jazzy/opt/gz_sim_vendor:/opt/ros/jazzy/opt/gz_sensors_vendor:/opt/ros/jazzy/opt/gz_physics_vendor:/opt/ros/jazzy/opt/sdformat_vendor:/opt/ros/jazzy/opt/gz_gui_vendor:/opt/ros/jazzy/opt/gz_transport_vendor:/opt/ros/jazzy/opt/gz_rendering_vendor:/opt/ros/jazzy/opt/gz_plugin_vendor:/opt/ros/jazzy/opt/gz_fuel_tools_vendor:/opt/ros/jazzy/opt/gz_msgs_vendor:/opt/ros/jazzy/opt/gz_common_vendor:/opt/ros/jazzy/opt/gz_math_vendor:/opt/ros/jazzy/opt/gz_utils_vendor:/opt/ros/jazzy/opt/gz_tools_vendor:/opt/ros/jazzy/opt/gz_ogre_next_vendor:/opt/ros/jazzy/opt/gz_dartsim_vendor:/opt/ros/jazzy/opt/gz_cmake_vendor:/opt/ros/jazzy DEBUGINFOD_URLS=https://debuginfod.ubuntu.com GZ_SIM_PLUGIN_PATH=/home/miranseb/wwu/597F-Robotics/ros-lab-2/install/ros_gz_gazebo/lib/ros_gz_gazebo GZ_SIM_RESOURCE_PATH=/home/miranseb/wwu/597F-Robotics/ros-lab-2/install/ros_gz_gazebo/share/ros_gz_gazebo/worlds PS1=<ROS2-Jazzy>[\u@\h \W]$ /usr/bin/cmake --install /home/miranseb/wwu/597F-Robotics/ros-lab-2/build/ros_gz_bringup
[7.408s] Level 1:colcon.colcon_core.environment:create_environment_scripts_only(ros_gz_bringup)
[7.408s] Level 1:colcon.colcon_core.environment:checking '/home/miranseb/wwu/597F-Robotics/ros-lab-2/install/ros_gz_bringup' for CMake module files
[7.409s] DEBUG:colcon.colcon_core.event_handler.log_command:Invoked command in '/home/miranseb/wwu/597F-Robotics/ros-lab-2/build/ros_gz_bringup' returned '0': AMENT_PREFIX_PATH=/home/miranseb/wwu/597F-Robotics/ros-lab-2/install/ros_gz_gazebo:${AMENT_PREFIX_PATH} CMAKE_PREFIX_PATH=/home/miranseb/wwu/597F-Robotics/ros-lab-2/install/ros_gz_gazebo:/home/miranseb/wwu/597F-Robotics/ros-lab-2/install/ros_gz_description:/opt/ros/jazzy/opt/gz_sim_vendor:/opt/ros/jazzy/opt/gz_sensors_vendor:/opt/ros/jazzy/opt/gz_physics_vendor:/opt/ros/jazzy/opt/sdformat_vendor:/opt/ros/jazzy/opt/gz_gui_vendor:/opt/ros/jazzy/opt/gz_transport_vendor:/opt/ros/jazzy/opt/gz_rendering_vendor:/opt/ros/jazzy/opt/gz_plugin_vendor:/opt/ros/jazzy/opt/gz_fuel_tools_vendor:/opt/ros/jazzy/opt/gz_msgs_vendor:/opt/ros/jazzy/opt/gz_common_vendor:/opt/ros/jazzy/opt/gz_math_vendor:/opt/ros/jazzy/opt/gz_utils_vendor:/opt/ros/jazzy/opt/gz_tools_vendor:/opt/ros/jazzy/opt/gz_ogre_next_vendor:/opt/ros/jazzy/opt/gz_dartsim_vendor:/opt/ros/jazzy/opt/gz_cmake_vendor:/opt/ros/jazzy DEBUGINFOD_URLS=https://debuginfod.ubuntu.com GZ_SIM_PLUGIN_PATH=/home/miranseb/wwu/597F-Robotics/ros-lab-2/install/ros_gz_gazebo/lib/ros_gz_gazebo GZ_SIM_RESOURCE_PATH=/home/miranseb/wwu/597F-Robotics/ros-lab-2/install/ros_gz_gazebo/share/ros_gz_gazebo/worlds PS1=<ROS2-Jazzy>[\u@\h \W]$ /usr/bin/cmake --install /home/miranseb/wwu/597F-Robotics/ros-lab-2/build/ros_gz_bringup
[7.409s] Level 1:colcon.colcon_core.environment:checking '/home/miranseb/wwu/597F-Robotics/ros-lab-2/install/ros_gz_bringup' for CMake config files
[7.409s] Level 1:colcon.colcon_core.shell:create_environment_hook('ros_gz_bringup', 'cmake_prefix_path')
[7.409s] INFO:colcon.colcon_core.shell:Creating environment hook '/home/miranseb/wwu/597F-Robotics/ros-lab-2/install/ros_gz_bringup/share/ros_gz_bringup/hook/cmake_prefix_path.ps1'
[7.410s] INFO:colcon.colcon_core.shell:Creating environment descriptor '/home/miranseb/wwu/597F-Robotics/ros-lab-2/install/ros_gz_bringup/share/ros_gz_bringup/hook/cmake_prefix_path.dsv'
[7.410s] INFO:colcon.colcon_core.shell:Creating environment hook '/home/miranseb/wwu/597F-Robotics/ros-lab-2/install/ros_gz_bringup/share/ros_gz_bringup/hook/cmake_prefix_path.sh'
[7.410s] Level 1:colcon.colcon_core.environment:checking '/home/miranseb/wwu/597F-Robotics/ros-lab-2/install/ros_gz_bringup/bin'
[7.410s] Level 1:colcon.colcon_core.environment:checking '/home/miranseb/wwu/597F-Robotics/ros-lab-2/install/ros_gz_bringup/lib/pkgconfig/ros_gz_bringup.pc'
[7.410s] Level 1:colcon.colcon_core.environment:checking '/home/miranseb/wwu/597F-Robotics/ros-lab-2/install/ros_gz_bringup/lib/python3.12/site-packages'
[7.411s] Level 1:colcon.colcon_core.environment:checking '/home/miranseb/wwu/597F-Robotics/ros-lab-2/install/ros_gz_bringup/bin'
[7.411s] INFO:colcon.colcon_core.shell:Creating package script '/home/miranseb/wwu/597F-Robotics/ros-lab-2/install/ros_gz_bringup/share/ros_gz_bringup/package.ps1'
[7.411s] INFO:colcon.colcon_core.shell:Creating package descriptor '/home/miranseb/wwu/597F-Robotics/ros-lab-2/install/ros_gz_bringup/share/ros_gz_bringup/package.dsv'
[7.411s] INFO:colcon.colcon_core.shell:Creating package script '/home/miranseb/wwu/597F-Robotics/ros-lab-2/install/ros_gz_bringup/share/ros_gz_bringup/package.sh'
[7.412s] INFO:colcon.colcon_core.shell:Creating package script '/home/miranseb/wwu/597F-Robotics/ros-lab-2/install/ros_gz_bringup/share/ros_gz_bringup/package.bash'
[7.412s] INFO:colcon.colcon_core.shell:Creating package script '/home/miranseb/wwu/597F-Robotics/ros-lab-2/install/ros_gz_bringup/share/ros_gz_bringup/package.zsh'
[7.412s] Level 1:colcon.colcon_core.environment:create_file_with_runtime_dependencies(/home/miranseb/wwu/597F-Robotics/ros-lab-2/install/ros_gz_bringup/share/colcon-core/packages/ros_gz_bringup)
[7.413s] Level 1:colcon.colcon_core.environment:create_environment_scripts_only(ros_gz_bringup)
[7.413s] Level 1:colcon.colcon_core.environment:checking '/home/miranseb/wwu/597F-Robotics/ros-lab-2/install/ros_gz_bringup' for CMake module files
[7.413s] Level 1:colcon.colcon_core.environment:checking '/home/miranseb/wwu/597F-Robotics/ros-lab-2/install/ros_gz_bringup' for CMake config files
[7.413s] Level 1:colcon.colcon_core.shell:create_environment_hook('ros_gz_bringup', 'cmake_prefix_path')
[7.413s] INFO:colcon.colcon_core.shell:Creating environment hook '/home/miranseb/wwu/597F-Robotics/ros-lab-2/install/ros_gz_bringup/share/ros_gz_bringup/hook/cmake_prefix_path.ps1'
[7.414s] INFO:colcon.colcon_core.shell:Creating environment descriptor '/home/miranseb/wwu/597F-Robotics/ros-lab-2/install/ros_gz_bringup/share/ros_gz_bringup/hook/cmake_prefix_path.dsv'
[7.414s] INFO:colcon.colcon_core.shell:Creating environment hook '/home/miranseb/wwu/597F-Robotics/ros-lab-2/install/ros_gz_bringup/share/ros_gz_bringup/hook/cmake_prefix_path.sh'
[7.414s] Level 1:colcon.colcon_core.environment:checking '/home/miranseb/wwu/597F-Robotics/ros-lab-2/install/ros_gz_bringup/bin'
[7.414s] Level 1:colcon.colcon_core.environment:checking '/home/miranseb/wwu/597F-Robotics/ros-lab-2/install/ros_gz_bringup/lib/pkgconfig/ros_gz_bringup.pc'
[7.415s] Level 1:colcon.colcon_core.environment:checking '/home/miranseb/wwu/597F-Robotics/ros-lab-2/install/ros_gz_bringup/lib/python3.12/site-packages'
[7.415s] Level 1:colcon.colcon_core.environment:checking '/home/miranseb/wwu/597F-Robotics/ros-lab-2/install/ros_gz_bringup/bin'
[7.415s] INFO:colcon.colcon_core.shell:Creating package script '/home/miranseb/wwu/597F-Robotics/ros-lab-2/install/ros_gz_bringup/share/ros_gz_bringup/package.ps1'
[7.415s] INFO:colcon.colcon_core.shell:Creating package descriptor '/home/miranseb/wwu/597F-Robotics/ros-lab-2/install/ros_gz_bringup/share/ros_gz_bringup/package.dsv'
[7.416s] INFO:colcon.colcon_core.shell:Creating package script '/home/miranseb/wwu/597F-Robotics/ros-lab-2/install/ros_gz_bringup/share/ros_gz_bringup/package.sh'
[7.416s] INFO:colcon.colcon_core.shell:Creating package script '/home/miranseb/wwu/597F-Robotics/ros-lab-2/install/ros_gz_bringup/share/ros_gz_bringup/package.bash'
[7.416s] INFO:colcon.colcon_core.shell:Creating package script '/home/miranseb/wwu/597F-Robotics/ros-lab-2/install/ros_gz_bringup/share/ros_gz_bringup/package.zsh'
[7.417s] Level 1:colcon.colcon_core.environment:create_file_with_runtime_dependencies(/home/miranseb/wwu/597F-Robotics/ros-lab-2/install/ros_gz_bringup/share/colcon-core/packages/ros_gz_bringup)
[7.417s] DEBUG:colcon.colcon_parallel_executor.executor.parallel:closing loop
[7.417s] DEBUG:colcon.colcon_parallel_executor.executor.parallel:loop closed
[7.417s] DEBUG:colcon.colcon_parallel_executor.executor.parallel:run_until_complete finished with '0'
[7.417s] DEBUG:colcon.colcon_core.event_reactor:joining thread
[7.440s] INFO:colcon.colcon_core.plugin_system:Skipping extension 'colcon_notification.desktop_notification.notify_send': Could not find 'notify-send'
[7.440s] INFO:colcon.colcon_core.plugin_system:Skipping extension 'colcon_notification.desktop_notification.terminal_notifier': Not used on non-Darwin systems
[7.440s] INFO:colcon.colcon_core.plugin_system:Skipping extension 'colcon_notification.desktop_notification.win32': Not used on non-Windows systems
[7.440s] INFO:colcon.colcon_notification.desktop_notification:Sending desktop notification using 'notify2'
[7.455s] DEBUG:colcon.colcon_core.event_reactor:joined thread
[7.456s] INFO:colcon.colcon_core.shell:Creating prefix script '/home/miranseb/wwu/597F-Robotics/ros-lab-2/install/local_setup.ps1'
[7.457s] INFO:colcon.colcon_core.shell:Creating prefix util module '/home/miranseb/wwu/597F-Robotics/ros-lab-2/install/_local_setup_util_ps1.py'
[7.458s] INFO:colcon.colcon_core.shell:Creating prefix chain script '/home/miranseb/wwu/597F-Robotics/ros-lab-2/install/setup.ps1'
[7.459s] INFO:colcon.colcon_core.shell:Creating prefix script '/home/miranseb/wwu/597F-Robotics/ros-lab-2/install/local_setup.sh'
[7.459s] INFO:colcon.colcon_core.shell:Creating prefix util module '/home/miranseb/wwu/597F-Robotics/ros-lab-2/install/_local_setup_util_sh.py'
[7.459s] INFO:colcon.colcon_core.shell:Creating prefix chain script '/home/miranseb/wwu/597F-Robotics/ros-lab-2/install/setup.sh'
[7.460s] INFO:colcon.colcon_core.shell:Creating prefix script '/home/miranseb/wwu/597F-Robotics/ros-lab-2/install/local_setup.bash'
[7.461s] INFO:colcon.colcon_core.shell:Creating prefix chain script '/home/miranseb/wwu/597F-Robotics/ros-lab-2/install/setup.bash'
[7.462s] INFO:colcon.colcon_core.shell:Creating prefix script '/home/miranseb/wwu/597F-Robotics/ros-lab-2/install/local_setup.zsh'
[7.462s] INFO:colcon.colcon_core.shell:Creating prefix chain script '/home/miranseb/wwu/597F-Robotics/ros-lab-2/install/setup.zsh'
