[0.009s] Invoking command in '/home/miranseb/wwu/597F-Robotics/ros-lab-2/build/ros_gz_app': CMAKE_PREFIX_PATH=${CMAKE_PREFIX_PATH}:/opt/ros/jazzy DEBUGINFOD_URLS=https://debuginfod.ubuntu.com PS1=<ROS2-Jazzy>[\u@\h \W]$ /usr/bin/cmake --build /home/miranseb/wwu/597F-Robotics/ros-lab-2/build/ros_gz_app -- -j24 -l24
[0.075s] Invoked command in '/home/miranseb/wwu/597F-Robotics/ros-lab-2/build/ros_gz_app' returned '0': CMAKE_PREFIX_PATH=${CMAKE_PREFIX_PATH}:/opt/ros/jazzy DEBUGINFOD_URLS=https://debuginfod.ubuntu.com PS1=<ROS2-Jazzy>[\u@\h \W]$ /usr/bin/cmake --build /home/miranseb/wwu/597F-Robotics/ros-lab-2/build/ros_gz_app -- -j24 -l24
[0.076s] Invoking command in '/home/miranseb/wwu/597F-Robotics/ros-lab-2/build/ros_gz_app': CMAKE_PREFIX_PATH=${CMAKE_PREFIX_PATH}:/opt/ros/jazzy DEBUGINFOD_URLS=https://debuginfod.ubuntu.com PS1=<ROS2-Jazzy>[\u@\h \W]$ /usr/bin/cmake --install /home/miranseb/wwu/597F-Robotics/ros-lab-2/build/ros_gz_app
[0.087s] -- Install configuration: ""
[0.087s] -- Up-to-date: /home/miranseb/wwu/597F-Robotics/ros-lab-2/install/ros_gz_app/share/ament_index/resource_index/package_run_dependencies/ros_gz_app
[0.087s] -- Up-to-date: /home/miranseb/wwu/597F-Robotics/ros-lab-2/install/ros_gz_app/share/ament_index/resource_index/parent_prefix_path/ros_gz_app
[0.087s] -- Up-to-date: /home/miranseb/wwu/597F-Robotics/ros-lab-2/install/ros_gz_app/share/ros_gz_app/environment/ament_prefix_path.sh
[0.088s] -- Up-to-date: /home/miranseb/wwu/597F-Robotics/ros-lab-2/install/ros_gz_app/share/ros_gz_app/environment/ament_prefix_path.dsv
[0.088s] -- Up-to-date: /home/miranseb/wwu/597F-Robotics/ros-lab-2/install/ros_gz_app/share/ros_gz_app/environment/path.sh
[0.088s] -- Up-to-date: /home/miranseb/wwu/597F-Robotics/ros-lab-2/install/ros_gz_app/share/ros_gz_app/environment/path.dsv
[0.088s] -- Up-to-date: /home/miranseb/wwu/597F-Robotics/ros-lab-2/install/ros_gz_app/share/ros_gz_app/local_setup.bash
[0.088s] -- Up-to-date: /home/miranseb/wwu/597F-Robotics/ros-lab-2/install/ros_gz_app/share/ros_gz_app/local_setup.sh
[0.088s] -- Up-to-date: /home/miranseb/wwu/597F-Robotics/ros-lab-2/install/ros_gz_app/share/ros_gz_app/local_setup.zsh
[0.088s] -- Up-to-date: /home/miranseb/wwu/597F-Robotics/ros-lab-2/install/ros_gz_app/share/ros_gz_app/local_setup.dsv
[0.089s] -- Installing: /home/miranseb/wwu/597F-Robotics/ros-lab-2/install/ros_gz_app/share/ros_gz_app/package.dsv
[0.089s] -- Up-to-date: /home/miranseb/wwu/597F-Robotics/ros-lab-2/install/ros_gz_app/share/ament_index/resource_index/packages/ros_gz_app
[0.089s] -- Up-to-date: /home/miranseb/wwu/597F-Robotics/ros-lab-2/install/ros_gz_app/share/ros_gz_app/cmake/ros_gz_appConfig.cmake
[0.089s] -- Up-to-date: /home/miranseb/wwu/597F-Robotics/ros-lab-2/install/ros_gz_app/share/ros_gz_app/cmake/ros_gz_appConfig-version.cmake
[0.089s] -- Up-to-date: /home/miranseb/wwu/597F-Robotics/ros-lab-2/install/ros_gz_app/share/ros_gz_app/package.xml
[0.090s] Invoked command in '/home/miranseb/wwu/597F-Robotics/ros-lab-2/build/ros_gz_app' returned '0': CMAKE_PREFIX_PATH=${CMAKE_PREFIX_PATH}:/opt/ros/jazzy DEBUGINFOD_URLS=https://debuginfod.ubuntu.com PS1=<ROS2-Jazzy>[\u@\h \W]$ /usr/bin/cmake --install /home/miranseb/wwu/597F-Robotics/ros-lab-2/build/ros_gz_app
