[0.011s] Invoking command in '/home/miranseb/wwu/597F-Robotics/ros-lab-2/build/ros_gz_description': CMAKE_PREFIX_PATH=${CMAKE_PREFIX_PATH}:/opt/ros/jazzy DEBUGINFOD_URLS=https://debuginfod.ubuntu.com PS1=<ROS2-Jazzy>[\u@\h \W]$ /usr/bin/cmake --build /home/miranseb/wwu/597F-Robotics/ros-lab-2/build/ros_gz_description -- -j24 -l24
[0.080s] Invoked command in '/home/miranseb/wwu/597F-Robotics/ros-lab-2/build/ros_gz_description' returned '0': CMAKE_PREFIX_PATH=${CMAKE_PREFIX_PATH}:/opt/ros/jazzy DEBUGINFOD_URLS=https://debuginfod.ubuntu.com PS1=<ROS2-Jazzy>[\u@\h \W]$ /usr/bin/cmake --build /home/miranseb/wwu/597F-Robotics/ros-lab-2/build/ros_gz_description -- -j24 -l24
[0.080s] Invoking command in '/home/miranseb/wwu/597F-Robotics/ros-lab-2/build/ros_gz_description': CMAKE_PREFIX_PATH=${CMAKE_PREFIX_PATH}:/opt/ros/jazzy DEBUGINFOD_URLS=https://debuginfod.ubuntu.com PS1=<ROS2-Jazzy>[\u@\h \W]$ /usr/bin/cmake --install /home/miranseb/wwu/597F-Robotics/ros-lab-2/build/ros_gz_description
[0.092s] -- Install configuration: ""
[0.092s] -- Up-to-date: /home/miranseb/wwu/597F-Robotics/ros-lab-2/install/ros_gz_description/share/ros_gz_description/models
[0.092s] -- Up-to-date: /home/miranseb/wwu/597F-Robotics/ros-lab-2/install/ros_gz_description/share/ros_gz_description/models/diff_drive
[0.092s] -- Up-to-date: /home/miranseb/wwu/597F-Robotics/ros-lab-2/install/ros_gz_description/share/ros_gz_description/models/diff_drive/model.config
[0.092s] -- Installing: /home/miranseb/wwu/597F-Robotics/ros-lab-2/install/ros_gz_description/share/ros_gz_description/models/diff_drive/model.sdf
[0.093s] -- Up-to-date: /home/miranseb/wwu/597F-Robotics/ros-lab-2/install/ros_gz_description/share/ros_gz_description/environment/ros_gz_description.dsv
[0.093s] -- Up-to-date: /home/miranseb/wwu/597F-Robotics/ros-lab-2/install/ros_gz_description/share/ros_gz_description/environment/ros_gz_description.sh
[0.093s] -- Up-to-date: /home/miranseb/wwu/597F-Robotics/ros-lab-2/install/ros_gz_description/share/ament_index/resource_index/package_run_dependencies/ros_gz_description
[0.093s] -- Up-to-date: /home/miranseb/wwu/597F-Robotics/ros-lab-2/install/ros_gz_description/share/ament_index/resource_index/parent_prefix_path/ros_gz_description
[0.093s] -- Up-to-date: /home/miranseb/wwu/597F-Robotics/ros-lab-2/install/ros_gz_description/share/ros_gz_description/environment/ament_prefix_path.sh
[0.093s] -- Up-to-date: /home/miranseb/wwu/597F-Robotics/ros-lab-2/install/ros_gz_description/share/ros_gz_description/environment/ament_prefix_path.dsv
[0.093s] -- Up-to-date: /home/miranseb/wwu/597F-Robotics/ros-lab-2/install/ros_gz_description/share/ros_gz_description/environment/path.sh
[0.093s] -- Up-to-date: /home/miranseb/wwu/597F-Robotics/ros-lab-2/install/ros_gz_description/share/ros_gz_description/environment/path.dsv
[0.093s] -- Up-to-date: /home/miranseb/wwu/597F-Robotics/ros-lab-2/install/ros_gz_description/share/ros_gz_description/local_setup.bash
[0.094s] -- Up-to-date: /home/miranseb/wwu/597F-Robotics/ros-lab-2/install/ros_gz_description/share/ros_gz_description/local_setup.sh
[0.094s] -- Up-to-date: /home/miranseb/wwu/597F-Robotics/ros-lab-2/install/ros_gz_description/share/ros_gz_description/local_setup.zsh
[0.094s] -- Up-to-date: /home/miranseb/wwu/597F-Robotics/ros-lab-2/install/ros_gz_description/share/ros_gz_description/local_setup.dsv
[0.094s] -- Installing: /home/miranseb/wwu/597F-Robotics/ros-lab-2/install/ros_gz_description/share/ros_gz_description/package.dsv
[0.094s] -- Up-to-date: /home/miranseb/wwu/597F-Robotics/ros-lab-2/install/ros_gz_description/share/ament_index/resource_index/packages/ros_gz_description
[0.094s] -- Up-to-date: /home/miranseb/wwu/597F-Robotics/ros-lab-2/install/ros_gz_description/share/ros_gz_description/cmake/ros_gz_descriptionConfig.cmake
[0.094s] -- Up-to-date: /home/miranseb/wwu/597F-Robotics/ros-lab-2/install/ros_gz_description/share/ros_gz_description/cmake/ros_gz_descriptionConfig-version.cmake
[0.094s] -- Up-to-date: /home/miranseb/wwu/597F-Robotics/ros-lab-2/install/ros_gz_description/share/ros_gz_description/package.xml
[0.108s] Invoked command in '/home/miranseb/wwu/597F-Robotics/ros-lab-2/build/ros_gz_description' returned '0': CMAKE_PREFIX_PATH=${CMAKE_PREFIX_PATH}:/opt/ros/jazzy DEBUGINFOD_URLS=https://debuginfod.ubuntu.com PS1=<ROS2-Jazzy>[\u@\h \W]$ /usr/bin/cmake --install /home/miranseb/wwu/597F-Robotics/ros-lab-2/build/ros_gz_description
